2023-10-27 17:11:00,775 - INFO - File_name = jobs18-6.py,	 Debut : 1698419460.773725,	 Fin : 1698419460.775728,	 Temps d'execution : 0.0020029544830322266
2023-10-27 17:11:00,776 - INFO - File_name = jobs18-6.py,	 s'est exécuté correctement ! 
2023-10-27 17:11:00,780 - INFO - File_name = jobs14-2.py,	 Debut : 1698419460.7806108,	 Fin : 1698419460.7806208,	 Temps d'execution : 1.0013580322265625e-05
2023-10-27 17:11:00,780 - INFO - File_name = jobs14-2.py,	 s'est exécuté correctement ! 
2023-10-27 17:11:00,785 - INFO - File_name = jobs24-4.py,	 Debut : 1698419460.7847025,	 Fin : 1698419460.7857995,	 Temps d'execution : 0.001096963882446289
2023-10-27 17:11:00,785 - INFO - File_name = jobs24-4.py,	 s'est exécuté correctement ! 
2023-10-27 17:11:00,792 - INFO - File_name = jobs15-4.py,	 Debut : 1698419460.7915182,	 Fin : 1698419460.792184,	 Temps d'execution : 0.0006659030914306641
2023-10-27 17:11:00,792 - INFO - File_name = jobs15-4.py,	 s'est exécuté correctement ! 
2023-10-27 17:11:00,822 - INFO - File_name = jobs21-6.py,	 Debut : 1698419460.7976084,	 Fin : 1698419460.8224247,	 Temps d'execution : 0.024816274642944336
2023-10-27 17:11:00,822 - INFO - File_name = jobs21-6.py,	 s'est exécuté correctement ! 
2023-10-27 17:11:00,827 - INFO - File_name = jobs12-6.py,	 Debut : 1698419460.8273826,	 Fin : 1698419460.8276517,	 Temps d'execution : 0.00026917457580566406
2023-10-27 17:11:00,827 - INFO - File_name = jobs12-6.py,	 s'est exécuté correctement ! 
2023-10-27 17:11:02,901 - INFO - File_name = jobs29-10.py,	 Debut : 1698419460.8333683,	 Fin : 1698419462.9010682,	 Temps d'execution : 2.067699909210205
2023-10-27 17:11:02,901 - INFO - File_name = jobs29-10.py,	 s'est exécuté correctement ! 
2023-10-27 17:11:02,907 - INFO - File_name = jobs29-2.py,	 Debut : 1698419462.9076293,	 Fin : 1698419462.907671,	 Temps d'execution : 4.172325134277344e-05
2023-10-27 17:11:02,907 - INFO - File_name = jobs29-2.py,	 s'est exécuté correctement ! 
2023-10-27 17:11:02,911 - INFO - File_name = jobs10-5.py,	 Debut : 1698419462.9112396,	 Fin : 1698419462.9112687,	 Temps d'execution : 2.9087066650390625e-05
2023-10-27 17:11:02,911 - INFO - File_name = jobs10-5.py,	 s'est exécuté correctement ! 
2023-10-27 17:11:02,917 - INFO - File_name = jobs16-2.py,	 Debut : 1698419462.9176993,	 Fin : 1698419462.9177122,	 Temps d'execution : 1.2874603271484375e-05
2023-10-27 17:11:02,917 - INFO - File_name = jobs16-2.py,	 s'est exécuté correctement ! 
2023-10-27 17:11:02,922 - INFO - File_name = jobs22-2.py,	 Debut : 1698419462.9226437,	 Fin : 1698419462.9226673,	 Temps d'execution : 2.3603439331054688e-05
2023-10-27 17:11:02,922 - INFO - File_name = jobs22-2.py,	 s'est exécuté correctement ! 
2023-10-27 17:11:02,933 - INFO - File_name = jobs26-5.py,	 Debut : 1698419462.9266834,	 Fin : 1698419462.9332044,	 Temps d'execution : 0.006520986557006836
2023-10-27 17:11:02,933 - INFO - File_name = jobs26-5.py,	 s'est exécuté correctement ! 
2023-10-27 17:11:08,336 - INFO - File_name = jobs29-12.py,	 Debut : 1698419462.9378307,	 Fin : 1698419468.3365812,	 Temps d'execution : 5.39875054359436
2023-10-27 17:11:08,336 - INFO - File_name = jobs29-12.py,	 s'est exécuté correctement ! 
2023-10-27 17:11:08,341 - INFO - File_name = jobs23-2.py,	 Debut : 1698419468.3413703,	 Fin : 1698419468.341397,	 Temps d'execution : 2.6702880859375e-05
2023-10-27 17:11:08,341 - INFO - File_name = jobs23-2.py,	 s'est exécuté correctement ! 
2023-10-27 17:11:08,370 - INFO - File_name = jobs20-8.py,	 Debut : 1698419468.3464532,	 Fin : 1698419468.3701916,	 Temps d'execution : 0.023738384246826172
2023-10-27 17:11:08,370 - INFO - File_name = jobs20-8.py,	 s'est exécuté correctement ! 
2023-10-27 17:11:08,411 - INFO - File_name = jobs24-7.py,	 Debut : 1698419468.3753304,	 Fin : 1698419468.4111147,	 Temps d'execution : 0.035784244537353516
2023-10-27 17:11:08,411 - INFO - File_name = jobs24-7.py,	 s'est exécuté correctement ! 
2023-10-27 17:11:08,679 - INFO - File_name = jobs24-11.py,	 Debut : 1698419468.417669,	 Fin : 1698419468.6793618,	 Temps d'execution : 0.26169276237487793
2023-10-27 17:11:08,679 - INFO - File_name = jobs24-11.py,	 s'est exécuté correctement ! 
2023-10-27 17:11:08,684 - INFO - File_name = jobs18-2.py,	 Debut : 1698419468.6846724,	 Fin : 1698419468.684689,	 Temps d'execution : 1.6689300537109375e-05
2023-10-27 17:11:08,684 - INFO - File_name = jobs18-2.py,	 s'est exécuté correctement ! 
2023-10-27 17:11:08,690 - INFO - File_name = jobs18-3.py,	 Debut : 1698419468.6903684,	 Fin : 1698419468.6904545,	 Temps d'execution : 8.606910705566406e-05
2023-10-27 17:11:08,690 - INFO - File_name = jobs18-3.py,	 s'est exécuté correctement ! 
2023-10-27 17:11:08,696 - INFO - File_name = jobs22-4.py,	 Debut : 1698419468.695554,	 Fin : 1698419468.6962738,	 Temps d'execution : 0.0007197856903076172
2023-10-27 17:11:08,696 - INFO - File_name = jobs22-4.py,	 s'est exécuté correctement ! 
2023-10-27 17:11:08,793 - INFO - File_name = jobs22-11.py,	 Debut : 1698419468.7023218,	 Fin : 1698419468.7930117,	 Temps d'execution : 0.09068989753723145
2023-10-27 17:11:08,793 - INFO - File_name = jobs22-11.py,	 s'est exécuté correctement ! 
2023-10-27 17:11:08,799 - INFO - File_name = jobs12-5.py,	 Debut : 1698419468.7996259,	 Fin : 1698419468.7997139,	 Temps d'execution : 8.797645568847656e-05
2023-10-27 17:11:08,799 - INFO - File_name = jobs12-5.py,	 s'est exécuté correctement ! 
2023-10-27 17:11:08,806 - INFO - File_name = jobs17-6.py,	 Debut : 1698419468.805391,	 Fin : 1698419468.80675,	 Temps d'execution : 0.0013589859008789062
2023-10-27 17:11:08,806 - INFO - File_name = jobs17-6.py,	 s'est exécuté correctement ! 
2023-10-27 17:11:08,812 - INFO - File_name = jobs15-7.py,	 Debut : 1698419468.81133,	 Fin : 1698419468.8120139,	 Temps d'execution : 0.0006837844848632812
2023-10-27 17:11:08,812 - INFO - File_name = jobs15-7.py,	 s'est exécuté correctement ! 
2023-10-27 17:11:08,821 - INFO - File_name = jobs19-7.py,	 Debut : 1698419468.816318,	 Fin : 1698419468.8216918,	 Temps d'execution : 0.005373716354370117
2023-10-27 17:11:08,821 - INFO - File_name = jobs19-7.py,	 s'est exécuté correctement ! 
2023-10-27 17:11:08,832 - INFO - File_name = jobs16-8.py,	 Debut : 1698419468.828185,	 Fin : 1698419468.8327372,	 Temps d'execution : 0.004552125930786133
2023-10-27 17:11:08,832 - INFO - File_name = jobs16-8.py,	 s'est exécuté correctement ! 
2023-10-27 17:11:08,908 - INFO - File_name = jobs23-8.py,	 Debut : 1698419468.8393393,	 Fin : 1698419468.9084952,	 Temps d'execution : 0.06915593147277832
2023-10-27 17:11:08,908 - INFO - File_name = jobs23-8.py,	 s'est exécuté correctement ! 
2023-10-27 17:11:08,916 - INFO - File_name = jobs17-8.py,	 Debut : 1698419468.9141037,	 Fin : 1698419468.9167683,	 Temps d'execution : 0.0026645660400390625
2023-10-27 17:11:08,916 - INFO - File_name = jobs17-8.py,	 s'est exécuté correctement ! 
2023-10-27 17:11:08,922 - INFO - File_name = jobs27-2.py,	 Debut : 1698419468.9223094,	 Fin : 1698419468.9223447,	 Temps d'execution : 3.528594970703125e-05
2023-10-27 17:11:08,922 - INFO - File_name = jobs27-2.py,	 s'est exécuté correctement ! 
2023-10-27 17:11:08,928 - INFO - File_name = jobs22-3.py,	 Debut : 1698419468.9274917,	 Fin : 1698419468.9279914,	 Temps d'execution : 0.000499725341796875
2023-10-27 17:11:08,928 - INFO - File_name = jobs22-3.py,	 s'est exécuté correctement ! 
2023-10-27 17:11:08,974 - INFO - File_name = jobs23-7.py,	 Debut : 1698419468.9343166,	 Fin : 1698419468.9744434,	 Temps d'execution : 0.040126800537109375
2023-10-27 17:11:08,974 - INFO - File_name = jobs23-7.py,	 s'est exécuté correctement ! 
2023-10-27 17:11:09,029 - INFO - File_name = jobs25-7.py,	 Debut : 1698419468.9804587,	 Fin : 1698419469.02945,	 Temps d'execution : 0.04899120330810547
2023-10-27 17:11:09,029 - INFO - File_name = jobs25-7.py,	 s'est exécuté correctement ! 
2023-10-27 17:11:09,035 - INFO - File_name = jobs26-3.py,	 Debut : 1698419469.0356793,	 Fin : 1698419469.0359316,	 Temps d'execution : 0.0002522468566894531
2023-10-27 17:11:09,035 - INFO - File_name = jobs26-3.py,	 s'est exécuté correctement ! 
2023-10-27 17:11:11,163 - INFO - File_name = jobs27-13.py,	 Debut : 1698419469.0431263,	 Fin : 1698419471.1633892,	 Temps d'execution : 2.120262861251831
2023-10-27 17:11:11,163 - INFO - File_name = jobs27-13.py,	 s'est exécuté correctement ! 
2023-10-27 17:11:11,170 - INFO - File_name = jobs16-7.py,	 Debut : 1698419471.1695175,	 Fin : 1698419471.1707187,	 Temps d'execution : 0.0012011528015136719
2023-10-27 17:11:11,170 - INFO - File_name = jobs16-7.py,	 s'est exécuté correctement ! 
2023-10-27 17:11:11,175 - INFO - File_name = jobs13-6.py,	 Debut : 1698419471.1755595,	 Fin : 1698419471.1757429,	 Temps d'execution : 0.00018334388732910156
2023-10-27 17:11:11,175 - INFO - File_name = jobs13-6.py,	 s'est exécuté correctement ! 
2023-10-27 17:11:11,197 - INFO - File_name = jobs20-9.py,	 Debut : 1698419471.1793008,	 Fin : 1698419471.1978548,	 Temps d'execution : 0.018553972244262695
2023-10-27 17:11:11,197 - INFO - File_name = jobs20-9.py,	 s'est exécuté correctement ! 
2023-10-27 17:11:11,204 - INFO - File_name = jobs10-4.py,	 Debut : 1698419471.2046077,	 Fin : 1698419471.204632,	 Temps d'execution : 2.4318695068359375e-05
2023-10-27 17:11:11,204 - INFO - File_name = jobs10-4.py,	 s'est exécuté correctement ! 
2023-10-27 17:11:11,373 - INFO - File_name = jobs26-8.py,	 Debut : 1698419471.208595,	 Fin : 1698419471.3731453,	 Temps d'execution : 0.1645503044128418
2023-10-27 17:11:11,373 - INFO - File_name = jobs26-8.py,	 s'est exécuté correctement ! 
2023-10-27 17:11:11,378 - INFO - File_name = jobs19-5.py,	 Debut : 1698419471.377525,	 Fin : 1698419471.378729,	 Temps d'execution : 0.0012040138244628906
2023-10-27 17:11:11,378 - INFO - File_name = jobs19-5.py,	 s'est exécuté correctement ! 
2023-10-27 17:11:11,412 - INFO - File_name = jobs27-6.py,	 Debut : 1698419471.3826058,	 Fin : 1698419471.4128485,	 Temps d'execution : 0.0302426815032959
2023-10-27 17:11:11,412 - INFO - File_name = jobs27-6.py,	 s'est exécuté correctement ! 
2023-10-27 17:11:11,418 - INFO - File_name = jobs25-4.py,	 Debut : 1698419471.4171119,	 Fin : 1698419471.418383,	 Temps d'execution : 0.0012710094451904297
2023-10-27 17:11:11,418 - INFO - File_name = jobs25-4.py,	 s'est exécuté correctement ! 
2023-10-27 17:11:11,456 - INFO - File_name = jobs22-8.py,	 Debut : 1698419471.4227548,	 Fin : 1698419471.456802,	 Temps d'execution : 0.03404712677001953
2023-10-27 17:11:11,456 - INFO - File_name = jobs22-8.py,	 s'est exécuté correctement ! 
2023-10-27 17:11:11,493 - INFO - File_name = jobs21-9.py,	 Debut : 1698419471.4616401,	 Fin : 1698419471.4930224,	 Temps d'execution : 0.03138232231140137
2023-10-27 17:11:11,493 - INFO - File_name = jobs21-9.py,	 s'est exécuté correctement ! 
2023-10-27 17:11:11,730 - INFO - File_name = jobs27-8.py,	 Debut : 1698419471.4986656,	 Fin : 1698419471.7301211,	 Temps d'execution : 0.23145556449890137
2023-10-27 17:11:11,730 - INFO - File_name = jobs27-8.py,	 s'est exécuté correctement ! 
2023-10-27 17:11:11,735 - INFO - File_name = jobs19-2.py,	 Debut : 1698419471.735231,	 Fin : 1698419471.7352498,	 Temps d'execution : 1.8835067749023438e-05
2023-10-27 17:11:11,735 - INFO - File_name = jobs19-2.py,	 s'est exécuté correctement ! 
2023-10-27 17:11:11,758 - INFO - File_name = jobs22-7.py,	 Debut : 1698419471.7405953,	 Fin : 1698419471.7585828,	 Temps d'execution : 0.017987489700317383
2023-10-27 17:11:11,758 - INFO - File_name = jobs22-7.py,	 s'est exécuté correctement ! 
2023-10-27 17:11:11,767 - INFO - File_name = jobs21-5.py,	 Debut : 1698419471.7656965,	 Fin : 1698419471.7677436,	 Temps d'execution : 0.0020470619201660156
2023-10-27 17:11:11,767 - INFO - File_name = jobs21-5.py,	 s'est exécuté correctement ! 
2023-10-27 17:11:11,773 - INFO - File_name = jobs14-6.py,	 Debut : 1698419471.773272,	 Fin : 1698419471.7735956,	 Temps d'execution : 0.0003235340118408203
2023-10-27 17:11:11,773 - INFO - File_name = jobs14-6.py,	 s'est exécuté correctement ! 
2023-10-27 17:11:11,830 - INFO - File_name = jobs22-9.py,	 Debut : 1698419471.778075,	 Fin : 1698419471.8303206,	 Temps d'execution : 0.0522456169128418
2023-10-27 17:11:11,830 - INFO - File_name = jobs22-9.py,	 s'est exécuté correctement ! 
2023-10-27 17:11:11,835 - INFO - File_name = jobs13-4.py,	 Debut : 1698419471.8353899,	 Fin : 1698419471.8354712,	 Temps d'execution : 8.130073547363281e-05
2023-10-27 17:11:11,835 - INFO - File_name = jobs13-4.py,	 s'est exécuté correctement ! 
2023-10-27 17:11:12,163 - INFO - File_name = jobs26-9.py,	 Debut : 1698419471.8402228,	 Fin : 1698419472.1633477,	 Temps d'execution : 0.32312488555908203
2023-10-27 17:11:12,163 - INFO - File_name = jobs26-9.py,	 s'est exécuté correctement ! 
2023-10-27 17:11:19,296 - INFO - File_name = jobs29-13.py,	 Debut : 1698419472.1685033,	 Fin : 1698419479.296121,	 Temps d'execution : 7.127617597579956
2023-10-27 17:11:19,296 - INFO - File_name = jobs29-13.py,	 s'est exécuté correctement ! 
2023-10-27 17:11:19,351 - INFO - File_name = jobs29-6.py,	 Debut : 1698419479.3018515,	 Fin : 1698419479.3514001,	 Temps d'execution : 0.04954862594604492
2023-10-27 17:11:19,351 - INFO - File_name = jobs29-6.py,	 s'est exécuté correctement ! 
2023-10-27 17:11:19,358 - INFO - File_name = jobs17-7.py,	 Debut : 1698419479.3567822,	 Fin : 1698419479.3588603,	 Temps d'execution : 0.0020780563354492188
2023-10-27 17:11:19,358 - INFO - File_name = jobs17-7.py,	 s'est exécuté correctement ! 
2023-10-27 17:11:19,365 - INFO - File_name = jobs11-2.py,	 Debut : 1698419479.3658686,	 Fin : 1698419479.3658767,	 Temps d'execution : 8.106231689453125e-06
2023-10-27 17:11:19,366 - INFO - File_name = jobs11-2.py,	 s'est exécuté correctement ! 
2023-10-27 17:11:19,374 - INFO - File_name = jobs20-3.py,	 Debut : 1698419479.3741004,	 Fin : 1698419479.3742263,	 Temps d'execution : 0.000125885009765625
2023-10-27 17:11:19,374 - INFO - File_name = jobs20-3.py,	 s'est exécuté correctement ! 
2023-10-27 17:11:19,379 - INFO - File_name = jobs26-2.py,	 Debut : 1698419479.3790288,	 Fin : 1698419479.3790693,	 Temps d'execution : 4.0531158447265625e-05
2023-10-27 17:11:19,379 - INFO - File_name = jobs26-2.py,	 s'est exécuté correctement ! 
2023-10-27 17:11:22,684 - INFO - File_name = jobs28-12.py,	 Debut : 1698419479.3841305,	 Fin : 1698419482.6845737,	 Temps d'execution : 3.300443172454834
2023-10-27 17:11:22,684 - INFO - File_name = jobs28-12.py,	 s'est exécuté correctement ! 
2023-10-27 17:11:22,711 - INFO - File_name = jobs21-8.py,	 Debut : 1698419482.6894128,	 Fin : 1698419482.71111,	 Temps d'execution : 0.021697282791137695
2023-10-27 17:11:22,711 - INFO - File_name = jobs21-8.py,	 s'est exécuté correctement ! 
2023-10-27 17:11:23,632 - INFO - File_name = jobs27-10.py,	 Debut : 1698419482.7158515,	 Fin : 1698419483.6324222,	 Temps d'execution : 0.9165706634521484
2023-10-27 17:11:23,632 - INFO - File_name = jobs27-10.py,	 s'est exécuté correctement ! 
2023-10-27 17:11:23,682 - INFO - File_name = jobs21-10.py,	 Debut : 1698419483.64129,	 Fin : 1698419483.6820154,	 Temps d'execution : 0.0407254695892334
2023-10-27 17:11:23,682 - INFO - File_name = jobs21-10.py,	 s'est exécuté correctement ! 
2023-10-27 17:11:23,689 - INFO - File_name = jobs11-5.py,	 Debut : 1698419483.6892364,	 Fin : 1698419483.6892917,	 Temps d'execution : 5.53131103515625e-05
2023-10-27 17:11:23,689 - INFO - File_name = jobs11-5.py,	 s'est exécuté correctement ! 
2023-10-27 17:11:23,693 - INFO - File_name = jobs13-2.py,	 Debut : 1698419483.6932273,	 Fin : 1698419483.6932375,	 Temps d'execution : 1.0251998901367188e-05
2023-10-27 17:11:23,693 - INFO - File_name = jobs13-2.py,	 s'est exécuté correctement ! 
2023-10-27 17:11:23,772 - INFO - File_name = jobs22-10.py,	 Debut : 1698419483.699287,	 Fin : 1698419483.772506,	 Temps d'execution : 0.07321906089782715
2023-10-27 17:11:23,772 - INFO - File_name = jobs22-10.py,	 s'est exécuté correctement ! 
2023-10-27 17:11:32,225 - INFO - File_name = jobs29-14.py,	 Debut : 1698419483.7772179,	 Fin : 1698419492.2258475,	 Temps d'execution : 8.44862961769104
2023-10-27 17:11:32,225 - INFO - File_name = jobs29-14.py,	 s'est exécuté correctement ! 
2023-10-27 17:11:32,233 - INFO - File_name = jobs21-3.py,	 Debut : 1698419492.2336679,	 Fin : 1698419492.2337995,	 Temps d'execution : 0.0001316070556640625
2023-10-27 17:11:32,233 - INFO - File_name = jobs21-3.py,	 s'est exécuté correctement ! 
2023-10-27 17:11:32,239 - INFO - File_name = jobs17-3.py,	 Debut : 1698419492.2393234,	 Fin : 1698419492.2393918,	 Temps d'execution : 6.842613220214844e-05
2023-10-27 17:11:32,239 - INFO - File_name = jobs17-3.py,	 s'est exécuté correctement ! 
2023-10-27 17:11:32,243 - INFO - File_name = jobs14-3.py,	 Debut : 1698419492.2437742,	 Fin : 1698419492.243812,	 Temps d'execution : 3.790855407714844e-05
2023-10-27 17:11:32,243 - INFO - File_name = jobs14-3.py,	 s'est exécuté correctement ! 
2023-10-27 17:11:32,251 - INFO - File_name = jobs18-4.py,	 Debut : 1698419492.2511117,	 Fin : 1698419492.251422,	 Temps d'execution : 0.0003101825714111328
2023-10-27 17:11:32,251 - INFO - File_name = jobs18-4.py,	 s'est exécuté correctement ! 
2023-10-27 17:11:34,091 - INFO - File_name = jobs27-12.py,	 Debut : 1698419492.2568297,	 Fin : 1698419494.0916317,	 Temps d'execution : 1.8348019123077393
2023-10-27 17:11:34,091 - INFO - File_name = jobs27-12.py,	 s'est exécuté correctement ! 
2023-10-27 17:11:34,100 - INFO - File_name = jobs24-5.py,	 Debut : 1698419494.0964794,	 Fin : 1698419494.100872,	 Temps d'execution : 0.0043926239013671875
2023-10-27 17:11:34,100 - INFO - File_name = jobs24-5.py,	 s'est exécuté correctement ! 
2023-10-27 17:11:34,108 - INFO - File_name = jobs26-4.py,	 Debut : 1698419494.1067297,	 Fin : 1698419494.1082335,	 Temps d'execution : 0.0015037059783935547
2023-10-27 17:11:34,108 - INFO - File_name = jobs26-4.py,	 s'est exécuté correctement ! 
2023-10-27 17:11:34,115 - INFO - File_name = jobs16-5.py,	 Debut : 1698419494.1154852,	 Fin : 1698419494.115934,	 Temps d'execution : 0.0004487037658691406
2023-10-27 17:11:34,115 - INFO - File_name = jobs16-5.py,	 s'est exécuté correctement ! 
2023-10-27 17:11:34,603 - INFO - File_name = jobs27-9.py,	 Debut : 1698419494.121876,	 Fin : 1698419494.6029854,	 Temps d'execution : 0.4811093807220459
2023-10-27 17:11:34,603 - INFO - File_name = jobs27-9.py,	 s'est exécuté correctement ! 
2023-10-27 17:11:34,610 - INFO - File_name = jobs14-5.py,	 Debut : 1698419494.6100595,	 Fin : 1698419494.610284,	 Temps d'execution : 0.00022459030151367188
2023-10-27 17:11:34,610 - INFO - File_name = jobs14-5.py,	 s'est exécuté correctement ! 
2023-10-27 17:11:34,615 - INFO - File_name = jobs24-2.py,	 Debut : 1698419494.6155431,	 Fin : 1698419494.61557,	 Temps d'execution : 2.6941299438476562e-05
2023-10-27 17:11:34,615 - INFO - File_name = jobs24-2.py,	 s'est exécuté correctement ! 
2023-10-27 17:11:34,621 - INFO - File_name = jobs20-2.py,	 Debut : 1698419494.6218042,	 Fin : 1698419494.6218235,	 Temps d'execution : 1.9311904907226562e-05
2023-10-27 17:11:34,621 - INFO - File_name = jobs20-2.py,	 s'est exécuté correctement ! 
2023-10-27 17:11:34,629 - INFO - File_name = jobs19-6.py,	 Debut : 1698419494.626977,	 Fin : 1698419494.629811,	 Temps d'execution : 0.0028340816497802734
2023-10-27 17:11:34,629 - INFO - File_name = jobs19-6.py,	 s'est exécuté correctement ! 
2023-10-27 17:11:35,200 - INFO - File_name = jobs26-10.py,	 Debut : 1698419494.6361918,	 Fin : 1698419495.2008047,	 Temps d'execution : 0.564612865447998
2023-10-27 17:11:35,200 - INFO - File_name = jobs26-10.py,	 s'est exécuté correctement ! 
2023-10-27 17:11:35,207 - INFO - File_name = jobs17-2.py,	 Debut : 1698419495.207703,	 Fin : 1698419495.2077174,	 Temps d'execution : 1.430511474609375e-05
2023-10-27 17:11:35,207 - INFO - File_name = jobs17-2.py,	 s'est exécuté correctement ! 
2023-10-27 17:11:35,213 - INFO - File_name = jobs16-4.py,	 Debut : 1698419495.2130322,	 Fin : 1698419495.2132163,	 Temps d'execution : 0.00018405914306640625
2023-10-27 17:11:35,213 - INFO - File_name = jobs16-4.py,	 s'est exécuté correctement ! 
2023-10-27 17:11:36,265 - INFO - File_name = jobs26-12.py,	 Debut : 1698419495.218128,	 Fin : 1698419496.2654004,	 Temps d'execution : 1.0472724437713623
2023-10-27 17:11:36,265 - INFO - File_name = jobs26-12.py,	 s'est exécuté correctement ! 
2023-10-27 17:11:36,440 - INFO - File_name = jobs29-7.py,	 Debut : 1698419496.2717175,	 Fin : 1698419496.440618,	 Temps d'execution : 0.1689004898071289
2023-10-27 17:11:36,440 - INFO - File_name = jobs29-7.py,	 s'est exécuté correctement ! 
2023-10-27 17:11:36,455 - INFO - File_name = jobs19-9.py,	 Debut : 1698419496.445208,	 Fin : 1698419496.4555137,	 Temps d'execution : 0.010305643081665039
2023-10-27 17:11:36,455 - INFO - File_name = jobs19-9.py,	 s'est exécuté correctement ! 
2023-10-27 17:11:36,551 - INFO - File_name = jobs23-9.py,	 Debut : 1698419496.4609072,	 Fin : 1698419496.5512166,	 Temps d'execution : 0.09030938148498535
2023-10-27 17:11:36,551 - INFO - File_name = jobs23-9.py,	 s'est exécuté correctement ! 
2023-10-27 17:11:36,561 - INFO - File_name = jobs23-5.py,	 Debut : 1698419496.558058,	 Fin : 1698419496.5617058,	 Temps d'execution : 0.0036478042602539062
2023-10-27 17:11:36,561 - INFO - File_name = jobs23-5.py,	 s'est exécuté correctement ! 
2023-10-27 17:11:37,284 - INFO - File_name = jobs28-9.py,	 Debut : 1698419496.5666094,	 Fin : 1698419497.2845252,	 Temps d'execution : 0.7179157733917236
2023-10-27 17:11:37,284 - INFO - File_name = jobs28-9.py,	 s'est exécuté correctement ! 
2023-10-27 17:11:40,934 - INFO - File_name = jobs29-11.py,	 Debut : 1698419497.2896886,	 Fin : 1698419500.9339788,	 Temps d'execution : 3.6442902088165283
2023-10-27 17:11:40,934 - INFO - File_name = jobs29-11.py,	 s'est exécuté correctement ! 
2023-10-27 17:11:40,940 - INFO - File_name = jobs14-7.py,	 Debut : 1698419500.939635,	 Fin : 1698419500.9400053,	 Temps d'execution : 0.00037026405334472656
2023-10-27 17:11:40,940 - INFO - File_name = jobs14-7.py,	 s'est exécuté correctement ! 
2023-10-27 17:11:42,058 - INFO - File_name = jobs26-13.py,	 Debut : 1698419500.944822,	 Fin : 1698419502.0581107,	 Temps d'execution : 1.1132886409759521
2023-10-27 17:11:42,058 - INFO - File_name = jobs26-13.py,	 s'est exécuté correctement ! 
2023-10-27 17:11:42,063 - INFO - File_name = jobs14-4.py,	 Debut : 1698419502.0635152,	 Fin : 1698419502.0636199,	 Temps d'execution : 0.00010466575622558594
2023-10-27 17:11:42,063 - INFO - File_name = jobs14-4.py,	 s'est exécuté correctement ! 
2023-10-27 17:11:42,071 - INFO - File_name = jobs17-5.py,	 Debut : 1698419502.0706859,	 Fin : 1698419502.0713143,	 Temps d'execution : 0.0006284713745117188
2023-10-27 17:11:42,071 - INFO - File_name = jobs17-5.py,	 s'est exécuté correctement ! 
2023-10-27 17:11:42,089 - INFO - File_name = jobs29-5.py,	 Debut : 1698419502.0776641,	 Fin : 1698419502.0894966,	 Temps d'execution : 0.011832475662231445
2023-10-27 17:11:42,089 - INFO - File_name = jobs29-5.py,	 s'est exécuté correctement ! 
2023-10-27 17:11:42,112 - INFO - File_name = jobs25-6.py,	 Debut : 1698419502.0939856,	 Fin : 1698419502.1126597,	 Temps d'execution : 0.018674135208129883
2023-10-27 17:11:42,112 - INFO - File_name = jobs25-6.py,	 s'est exécuté correctement ! 
2023-10-27 17:11:42,118 - INFO - File_name = jobs21-2.py,	 Debut : 1698419502.118729,	 Fin : 1698419502.1187508,	 Temps d'execution : 2.1696090698242188e-05
2023-10-27 17:11:42,118 - INFO - File_name = jobs21-2.py,	 s'est exécuté correctement ! 
2023-10-27 17:11:42,124 - INFO - File_name = jobs11-4.py,	 Debut : 1698419502.1240804,	 Fin : 1698419502.1241162,	 Temps d'execution : 3.5762786865234375e-05
2023-10-27 17:11:42,124 - INFO - File_name = jobs11-4.py,	 s'est exécuté correctement ! 
2023-10-27 17:11:42,129 - INFO - File_name = jobs10-2.py,	 Debut : 1698419502.1293402,	 Fin : 1698419502.129346,	 Temps d'execution : 5.7220458984375e-06
2023-10-27 17:11:42,129 - INFO - File_name = jobs10-2.py,	 s'est exécuté correctement ! 
2023-10-27 17:11:42,463 - INFO - File_name = jobs28-8.py,	 Debut : 1698419502.1366196,	 Fin : 1698419502.4636729,	 Temps d'execution : 0.3270533084869385
2023-10-27 17:11:42,464 - INFO - File_name = jobs28-8.py,	 s'est exécuté correctement ! 
2023-10-27 17:11:42,539 - INFO - File_name = jobs26-7.py,	 Debut : 1698419502.4696903,	 Fin : 1698419502.539626,	 Temps d'execution : 0.06993556022644043
2023-10-27 17:11:42,539 - INFO - File_name = jobs26-7.py,	 s'est exécuté correctement ! 
2023-10-27 17:11:42,638 - INFO - File_name = jobs27-7.py,	 Debut : 1698419502.5442855,	 Fin : 1698419502.638194,	 Temps d'execution : 0.09390854835510254
2023-10-27 17:11:42,638 - INFO - File_name = jobs27-7.py,	 s'est exécuté correctement ! 
2023-10-27 17:11:42,769 - INFO - File_name = jobs23-10.py,	 Debut : 1698419502.6433368,	 Fin : 1698419502.769837,	 Temps d'execution : 0.12650012969970703
2023-10-27 17:11:42,769 - INFO - File_name = jobs23-10.py,	 s'est exécuté correctement ! 
2023-10-27 17:11:42,776 - INFO - File_name = jobs16-6.py,	 Debut : 1698419502.7755873,	 Fin : 1698419502.776441,	 Temps d'execution : 0.0008537769317626953
2023-10-27 17:11:42,776 - INFO - File_name = jobs16-6.py,	 s'est exécuté correctement ! 
2023-10-27 17:11:42,791 - INFO - File_name = jobs20-7.py,	 Debut : 1698419502.7828257,	 Fin : 1698419502.7911339,	 Temps d'execution : 0.008308172225952148
2023-10-27 17:11:42,791 - INFO - File_name = jobs20-7.py,	 s'est exécuté correctement ! 
2023-10-27 17:11:43,273 - INFO - File_name = jobs25-11.py,	 Debut : 1698419502.796087,	 Fin : 1698419503.2729936,	 Temps d'execution : 0.47690653800964355
2023-10-27 17:11:43,273 - INFO - File_name = jobs25-11.py,	 s'est exécuté correctement ! 
2023-10-27 17:11:43,291 - INFO - File_name = jobs21-7.py,	 Debut : 1698419503.2797008,	 Fin : 1698419503.291953,	 Temps d'execution : 0.012252330780029297
2023-10-27 17:11:43,292 - INFO - File_name = jobs21-7.py,	 s'est exécuté correctement ! 
2023-10-27 17:11:45,557 - INFO - File_name = jobs28-11.py,	 Debut : 1698419503.297497,	 Fin : 1698419505.5571494,	 Temps d'execution : 2.2596523761749268
2023-10-27 17:11:45,557 - INFO - File_name = jobs28-11.py,	 s'est exécuté correctement ! 
2023-10-27 17:11:49,877 - INFO - File_name = jobs28-14.py,	 Debut : 1698419505.563677,	 Fin : 1698419509.8771286,	 Temps d'execution : 4.313451528549194
2023-10-27 17:11:49,877 - INFO - File_name = jobs28-14.py,	 s'est exécuté correctement ! 
2023-10-27 17:11:49,888 - INFO - File_name = jobs25-5.py,	 Debut : 1698419509.882696,	 Fin : 1698419509.888084,	 Temps d'execution : 0.005388021469116211
2023-10-27 17:11:49,888 - INFO - File_name = jobs25-5.py,	 s'est exécuté correctement ! 
2023-10-27 17:11:50,035 - INFO - File_name = jobs24-9.py,	 Debut : 1698419509.893556,	 Fin : 1698419510.035751,	 Temps d'execution : 0.1421949863433838
2023-10-27 17:11:50,035 - INFO - File_name = jobs24-9.py,	 s'est exécuté correctement ! 
2023-10-27 17:11:50,046 - INFO - File_name = jobs18-9.py,	 Debut : 1698419510.0408678,	 Fin : 1698419510.046308,	 Temps d'execution : 0.005440235137939453
2023-10-27 17:11:50,046 - INFO - File_name = jobs18-9.py,	 s'est exécuté correctement ! 
2023-10-27 17:11:50,200 - INFO - File_name = jobs23-11.py,	 Debut : 1698419510.0531843,	 Fin : 1698419510.2001326,	 Temps d'execution : 0.14694833755493164
2023-10-27 17:11:50,200 - INFO - File_name = jobs23-11.py,	 s'est exécuté correctement ! 
2023-10-27 17:11:50,207 - INFO - File_name = jobs13-5.py,	 Debut : 1698419510.207312,	 Fin : 1698419510.2074807,	 Temps d'execution : 0.0001685619354248047
2023-10-27 17:11:50,207 - INFO - File_name = jobs13-5.py,	 s'est exécuté correctement ! 
2023-10-27 17:11:50,213 - INFO - File_name = jobs15-2.py,	 Debut : 1698419510.213516,	 Fin : 1698419510.213528,	 Temps d'execution : 1.1920928955078125e-05
2023-10-27 17:11:50,213 - INFO - File_name = jobs15-2.py,	 s'est exécuté correctement ! 
2023-10-27 17:11:50,219 - INFO - File_name = jobs11-3.py,	 Debut : 1698419510.2191396,	 Fin : 1698419510.2191582,	 Temps d'execution : 1.8596649169921875e-05
2023-10-27 17:11:50,219 - INFO - File_name = jobs11-3.py,	 s'est exécuté correctement ! 
2023-10-27 17:11:54,198 - INFO - File_name = jobs28-13.py,	 Debut : 1698419510.2253008,	 Fin : 1698419514.1985855,	 Temps d'execution : 3.9732847213745117
2023-10-27 17:11:54,198 - INFO - File_name = jobs28-13.py,	 s'est exécuté correctement ! 
2023-10-27 17:11:54,204 - INFO - File_name = jobs29-3.py,	 Debut : 1698419514.204617,	 Fin : 1698419514.2049696,	 Temps d'execution : 0.00035262107849121094
2023-10-27 17:11:54,205 - INFO - File_name = jobs29-3.py,	 s'est exécuté correctement ! 
2023-10-27 17:11:54,211 - INFO - File_name = jobs19-3.py,	 Debut : 1698419514.2113335,	 Fin : 1698419514.2114346,	 Temps d'execution : 0.0001010894775390625
2023-10-27 17:11:54,211 - INFO - File_name = jobs19-3.py,	 s'est exécuté correctement ! 
2023-10-27 17:11:54,216 - INFO - File_name = jobs16-3.py,	 Debut : 1698419514.216604,	 Fin : 1698419514.2166605,	 Temps d'execution : 5.650520324707031e-05
2023-10-27 17:11:54,216 - INFO - File_name = jobs16-3.py,	 s'est exécuté correctement ! 
2023-10-27 17:11:54,222 - INFO - File_name = jobs12-4.py,	 Debut : 1698419514.2223094,	 Fin : 1698419514.2223625,	 Temps d'execution : 5.316734313964844e-05
2023-10-27 17:11:54,222 - INFO - File_name = jobs12-4.py,	 s'est exécuté correctement ! 
2023-10-27 17:11:54,576 - INFO - File_name = jobs25-10.py,	 Debut : 1698419514.227056,	 Fin : 1698419514.5762763,	 Temps d'execution : 0.34922027587890625
2023-10-27 17:11:54,576 - INFO - File_name = jobs25-10.py,	 s'est exécuté correctement ! 
2023-10-27 17:11:54,602 - INFO - File_name = jobs20-10.py,	 Debut : 1698419514.5821033,	 Fin : 1698419514.6022823,	 Temps d'execution : 0.020179033279418945
2023-10-27 17:11:54,602 - INFO - File_name = jobs20-10.py,	 s'est exécuté correctement ! 
2023-10-27 17:11:54,608 - INFO - File_name = jobs27-4.py,	 Debut : 1698419514.607082,	 Fin : 1698419514.6089184,	 Temps d'execution : 0.001836538314819336
2023-10-27 17:11:54,608 - INFO - File_name = jobs27-4.py,	 s'est exécuté correctement ! 
2023-10-27 17:11:54,614 - INFO - File_name = jobs12-2.py,	 Debut : 1698419514.6148689,	 Fin : 1698419514.6148782,	 Temps d'execution : 9.298324584960938e-06
2023-10-27 17:11:54,614 - INFO - File_name = jobs12-2.py,	 s'est exécuté correctement ! 
2023-10-27 17:11:54,620 - INFO - File_name = jobs25-3.py,	 Debut : 1698419514.6204739,	 Fin : 1698419514.6207058,	 Temps d'execution : 0.0002319812774658203
2023-10-27 17:11:54,620 - INFO - File_name = jobs25-3.py,	 s'est exécuté correctement ! 
2023-10-27 17:11:54,626 - INFO - File_name = jobs19-4.py,	 Debut : 1698419514.6261895,	 Fin : 1698419514.6265888,	 Temps d'execution : 0.0003993511199951172
2023-10-27 17:11:54,626 - INFO - File_name = jobs19-4.py,	 s'est exécuté correctement ! 
2023-10-27 17:11:55,079 - INFO - File_name = jobs29-8.py,	 Debut : 1698419514.632617,	 Fin : 1698419515.0792463,	 Temps d'execution : 0.44662928581237793
2023-10-27 17:11:55,079 - INFO - File_name = jobs29-8.py,	 s'est exécuté correctement ! 
2023-10-27 17:11:55,085 - WARNING - File_name = jobs13-3.py,	 ne s'est pas exécuté correctement
2023-10-27 17:11:55,094 - INFO - File_name = jobs20-6.py,	 Debut : 1698419515.0900645,	 Fin : 1698419515.0940404,	 Temps d'execution : 0.003975868225097656
2023-10-27 17:11:55,094 - INFO - File_name = jobs20-6.py,	 s'est exécuté correctement ! 
2023-10-27 17:11:55,100 - INFO - File_name = jobs20-4.py,	 Debut : 1698419515.1000755,	 Fin : 1698419515.1005611,	 Temps d'execution : 0.0004856586456298828
2023-10-27 17:11:55,100 - INFO - File_name = jobs20-4.py,	 s'est exécuté correctement ! 
2023-10-27 17:11:55,111 - INFO - File_name = jobs18-8.py,	 Debut : 1698419515.1064339,	 Fin : 1698419515.1110048,	 Temps d'execution : 0.004570960998535156
2023-10-27 17:11:55,111 - INFO - File_name = jobs18-8.py,	 s'est exécuté correctement ! 
2023-10-27 17:11:55,126 - INFO - File_name = jobs28-5.py,	 Debut : 1698419515.116578,	 Fin : 1698419515.1262197,	 Temps d'execution : 0.009641647338867188
2023-10-27 17:11:55,126 - INFO - File_name = jobs28-5.py,	 s'est exécuté correctement ! 
2023-10-27 17:11:55,132 - INFO - File_name = jobs15-5.py,	 Debut : 1698419515.1324558,	 Fin : 1698419515.1327672,	 Temps d'execution : 0.0003113746643066406
2023-10-27 17:11:55,132 - INFO - File_name = jobs15-5.py,	 s'est exécuté correctement ! 
2023-10-27 17:11:55,142 - INFO - File_name = jobs18-7.py,	 Debut : 1698419515.139171,	 Fin : 1698419515.142474,	 Temps d'execution : 0.003303050994873047
2023-10-27 17:11:55,142 - INFO - File_name = jobs18-7.py,	 s'est exécuté correctement ! 
2023-10-27 17:11:55,351 - INFO - File_name = jobs24-10.py,	 Debut : 1698419515.147434,	 Fin : 1698419515.3515735,	 Temps d'execution : 0.20413947105407715
2023-10-27 17:11:55,351 - INFO - File_name = jobs24-10.py,	 s'est exécuté correctement ! 
2023-10-27 17:11:55,358 - INFO - File_name = jobs21-4.py,	 Debut : 1698419515.3576038,	 Fin : 1698419515.3581953,	 Temps d'execution : 0.0005915164947509766
2023-10-27 17:11:55,358 - INFO - File_name = jobs21-4.py,	 s'est exécuté correctement ! 
2023-10-27 17:11:56,714 - INFO - File_name = jobs28-10.py,	 Debut : 1698419515.363634,	 Fin : 1698419516.7149453,	 Temps d'execution : 1.351311206817627
2023-10-27 17:11:56,715 - INFO - File_name = jobs28-10.py,	 s'est exécuté correctement ! 
2023-10-27 17:11:56,727 - INFO - File_name = jobs23-3.py,	 Debut : 1698419516.7272494,	 Fin : 1698419516.7274287,	 Temps d'execution : 0.000179290771484375
2023-10-27 17:11:56,727 - INFO - File_name = jobs23-3.py,	 s'est exécuté correctement ! 
2023-10-27 17:11:56,733 - INFO - File_name = jobs17-4.py,	 Debut : 1698419516.7333405,	 Fin : 1698419516.7336195,	 Temps d'execution : 0.0002789497375488281
2023-10-27 17:11:56,733 - INFO - File_name = jobs17-4.py,	 s'est exécuté correctement ! 
2023-10-27 17:11:56,740 - INFO - File_name = jobs25-2.py,	 Debut : 1698419516.7403104,	 Fin : 1698419516.7403405,	 Temps d'execution : 3.0040740966796875e-05
2023-10-27 17:11:56,740 - INFO - File_name = jobs25-2.py,	 s'est exécuté correctement ! 
2023-10-27 17:11:56,746 - INFO - File_name = jobs18-5.py,	 Debut : 1698419516.7456539,	 Fin : 1698419516.746523,	 Temps d'execution : 0.0008690357208251953
2023-10-27 17:11:56,746 - INFO - File_name = jobs18-5.py,	 s'est exécuté correctement ! 
2023-10-27 17:11:56,871 - INFO - File_name = jobs28-7.py,	 Debut : 1698419516.7517016,	 Fin : 1698419516.8710868,	 Temps d'execution : 0.1193852424621582
2023-10-27 17:11:56,871 - INFO - File_name = jobs28-7.py,	 s'est exécuté correctement ! 
2023-10-27 17:11:56,879 - INFO - File_name = jobs15-3.py,	 Debut : 1698419516.8791623,	 Fin : 1698419516.879209,	 Temps d'execution : 4.673004150390625e-05
2023-10-27 17:11:56,879 - INFO - File_name = jobs15-3.py,	 s'est exécuté correctement ! 
2023-10-27 17:11:56,898 - INFO - File_name = jobs22-6.py,	 Debut : 1698419516.8906744,	 Fin : 1698419516.8985198,	 Temps d'execution : 0.007845401763916016
2023-10-27 17:11:56,898 - INFO - File_name = jobs22-6.py,	 s'est exécuté correctement ! 
2023-10-27 17:11:56,904 - INFO - File_name = jobs28-3.py,	 Debut : 1698419516.9041705,	 Fin : 1698419516.9044921,	 Temps d'execution : 0.0003216266632080078
2023-10-27 17:11:56,904 - INFO - File_name = jobs28-3.py,	 s'est exécuté correctement ! 
2023-10-27 17:11:56,923 - INFO - File_name = jobs24-6.py,	 Debut : 1698419516.90968,	 Fin : 1698419516.9235437,	 Temps d'execution : 0.013863801956176758
2023-10-27 17:11:56,923 - INFO - File_name = jobs24-6.py,	 s'est exécuté correctement ! 
2023-10-27 17:11:57,140 - INFO - File_name = jobs25-9.py,	 Debut : 1698419516.9286883,	 Fin : 1698419517.140594,	 Temps d'execution : 0.21190571784973145
2023-10-27 17:11:57,140 - INFO - File_name = jobs25-9.py,	 s'est exécuté correctement ! 
2023-10-27 17:11:57,146 - INFO - File_name = jobs27-3.py,	 Debut : 1698419517.146261,	 Fin : 1698419517.1465898,	 Temps d'execution : 0.0003287792205810547
2023-10-27 17:11:57,146 - INFO - File_name = jobs27-3.py,	 s'est exécuté correctement ! 
2023-10-27 17:11:58,512 - INFO - File_name = jobs27-11.py,	 Debut : 1698419517.1534657,	 Fin : 1698419518.5128589,	 Temps d'execution : 1.3593931198120117
2023-10-27 17:11:58,512 - INFO - File_name = jobs27-11.py,	 s'est exécuté correctement ! 
2023-10-27 17:11:58,804 - INFO - File_name = jobs24-12.py,	 Debut : 1698419518.518174,	 Fin : 1698419518.8048968,	 Temps d'execution : 0.28672289848327637
2023-10-27 17:11:58,804 - INFO - File_name = jobs24-12.py,	 s'est exécuté correctement ! 
2023-10-27 17:11:58,849 - INFO - File_name = jobs28-6.py,	 Debut : 1698419518.811946,	 Fin : 1698419518.8496282,	 Temps d'execution : 0.037682294845581055
2023-10-27 17:11:58,849 - INFO - File_name = jobs28-6.py,	 s'est exécuté correctement ! 
2023-10-27 17:11:58,868 - INFO - File_name = jobs23-6.py,	 Debut : 1698419518.8574862,	 Fin : 1698419518.8680084,	 Temps d'execution : 0.010522127151489258
2023-10-27 17:11:58,868 - INFO - File_name = jobs23-6.py,	 s'est exécuté correctement ! 
2023-10-27 17:11:59,423 - INFO - File_name = jobs25-12.py,	 Debut : 1698419518.8736768,	 Fin : 1698419519.4230037,	 Temps d'execution : 0.5493268966674805
2023-10-27 17:11:59,423 - INFO - File_name = jobs25-12.py,	 s'est exécuté correctement ! 
2023-10-27 17:11:59,429 - INFO - File_name = jobs28-2.py,	 Debut : 1698419519.4293783,	 Fin : 1698419519.4294543,	 Temps d'execution : 7.605552673339844e-05
2023-10-27 17:11:59,429 - INFO - File_name = jobs28-2.py,	 s'est exécuté correctement ! 
2023-10-27 17:11:59,438 - INFO - File_name = jobs28-4.py,	 Debut : 1698419519.436588,	 Fin : 1698419519.438621,	 Temps d'execution : 0.0020329952239990234
2023-10-27 17:11:59,438 - INFO - File_name = jobs28-4.py,	 s'est exécuté correctement ! 
2023-10-27 17:11:59,450 - INFO - File_name = jobs15-6.py,	 Debut : 1698419519.4498854,	 Fin : 1698419519.4504147,	 Temps d'execution : 0.0005292892456054688
2023-10-27 17:11:59,450 - INFO - File_name = jobs15-6.py,	 s'est exécuté correctement ! 
2023-10-27 17:11:59,457 - INFO - File_name = jobs20-5.py,	 Debut : 1698419519.456321,	 Fin : 1698419519.4578803,	 Temps d'execution : 0.0015592575073242188
2023-10-27 17:11:59,457 - INFO - File_name = jobs20-5.py,	 s'est exécuté correctement ! 
2023-10-27 17:11:59,541 - INFO - File_name = jobs24-8.py,	 Debut : 1698419519.4662895,	 Fin : 1698419519.54168,	 Temps d'execution : 0.07539057731628418
2023-10-27 17:11:59,541 - INFO - File_name = jobs24-8.py,	 s'est exécuté correctement ! 
2023-10-27 17:11:59,552 - INFO - File_name = jobs10-3.py,	 Debut : 1698419519.5523617,	 Fin : 1698419519.5523758,	 Temps d'execution : 1.4066696166992188e-05
2023-10-27 17:11:59,552 - INFO - File_name = jobs10-3.py,	 s'est exécuté correctement ! 
2023-10-27 17:11:59,557 - INFO - File_name = jobs24-3.py,	 Debut : 1698419519.557403,	 Fin : 1698419519.5576067,	 Temps d'execution : 0.00020360946655273438
2023-10-27 17:11:59,557 - INFO - File_name = jobs24-3.py,	 s'est exécuté correctement ! 
2023-10-27 17:11:59,674 - INFO - File_name = jobs25-8.py,	 Debut : 1698419519.5636492,	 Fin : 1698419519.674868,	 Temps d'execution : 0.11121892929077148
2023-10-27 17:11:59,674 - INFO - File_name = jobs25-8.py,	 s'est exécuté correctement ! 
2023-10-27 17:11:59,682 - INFO - File_name = jobs29-4.py,	 Debut : 1698419519.6802828,	 Fin : 1698419519.682593,	 Temps d'execution : 0.0023102760314941406
2023-10-27 17:11:59,682 - INFO - File_name = jobs29-4.py,	 s'est exécuté correctement ! 
2023-10-27 17:11:59,696 - INFO - File_name = jobs19-8.py,	 Debut : 1698419519.6882489,	 Fin : 1698419519.6961136,	 Temps d'execution : 0.007864713668823242
2023-10-27 17:11:59,696 - INFO - File_name = jobs19-8.py,	 s'est exécuté correctement ! 
2023-10-27 17:12:00,513 - INFO - File_name = jobs26-11.py,	 Debut : 1698419519.7014172,	 Fin : 1698419520.5137784,	 Temps d'execution : 0.8123612403869629
2023-10-27 17:12:00,513 - INFO - File_name = jobs26-11.py,	 s'est exécuté correctement ! 
2023-10-27 17:12:00,520 - INFO - File_name = jobs12-3.py,	 Debut : 1698419520.520257,	 Fin : 1698419520.520281,	 Temps d'execution : 2.4080276489257812e-05
2023-10-27 17:12:00,520 - INFO - File_name = jobs12-3.py,	 s'est exécuté correctement ! 
2023-10-27 17:12:00,533 - INFO - File_name = jobs27-5.py,	 Debut : 1698419520.52536,	 Fin : 1698419520.5334969,	 Temps d'execution : 0.008136749267578125
2023-10-27 17:12:00,533 - INFO - File_name = jobs27-5.py,	 s'est exécuté correctement ! 
2023-10-27 17:12:00,540 - INFO - File_name = jobs23-4.py,	 Debut : 1698419520.5394535,	 Fin : 1698419520.5403383,	 Temps d'execution : 0.0008847713470458984
2023-10-27 17:12:00,540 - INFO - File_name = jobs23-4.py,	 s'est exécuté correctement ! 
2023-10-27 17:12:00,548 - INFO - File_name = jobs22-5.py,	 Debut : 1698419520.5454984,	 Fin : 1698419520.5481691,	 Temps d'execution : 0.002670764923095703
2023-10-27 17:12:00,548 - INFO - File_name = jobs22-5.py,	 s'est exécuté correctement ! 
2023-10-27 17:12:00,578 - INFO - File_name = jobs26-6.py,	 Debut : 1698419520.5546794,	 Fin : 1698419520.5780501,	 Temps d'execution : 0.023370742797851562
2023-10-27 17:12:00,578 - INFO - File_name = jobs26-6.py,	 s'est exécuté correctement ! 
2023-10-27 17:12:01,602 - INFO - File_name = jobs29-9.py,	 Debut : 1698419520.5840898,	 Fin : 1698419521.6025455,	 Temps d'execution : 1.0184557437896729
2023-10-27 17:12:01,602 - INFO - File_name = jobs29-9.py,	 s'est exécuté correctement ! 
