2023-12-04 08:25:45,164 - INFO - File_name = jobs10-5.py,	 Debut : 1701674745.1639807,	 Fin : 1701674745.1640174,	 Temps d'execution : 3.6716461181640625e-05 	 Process: ForkPoolWorker-3
2023-12-04 08:25:45,164 - INFO - File_name = jobs10-5.py,	 s'est exécuté correctement ! 
2023-12-04 08:25:45,164 - INFO - File_name = jobs27-2.py,	 Debut : 1701674745.164566,	 Fin : 1701674745.164611,	 Temps d'execution : 4.506111145019531e-05 	 Process: ForkPoolWorker-8
2023-12-04 08:25:45,164 - INFO - File_name = jobs27-2.py,	 s'est exécuté correctement ! 
2023-12-04 08:25:45,166 - INFO - File_name = jobs18-6.py,	 Debut : 1701674745.1639767,	 Fin : 1701674745.1661363,	 Temps d'execution : 0.002159595489501953 	 Process: ForkPoolWorker-1
2023-12-04 08:25:45,166 - INFO - File_name = jobs18-6.py,	 s'est exécuté correctement ! 
2023-12-04 08:25:45,169 - INFO - File_name = jobs26-3.py,	 Debut : 1701674745.1685283,	 Fin : 1701674745.1689503,	 Temps d'execution : 0.0004220008850097656 	 Process: ForkPoolWorker-9
2023-12-04 08:25:45,169 - INFO - File_name = jobs26-3.py,	 s'est exécuté correctement ! 
2023-12-04 08:25:45,170 - INFO - File_name = jobs16-2.py,	 Debut : 1701674745.1702116,	 Fin : 1701674745.1702259,	 Temps d'execution : 1.430511474609375e-05 	 Process: ForkPoolWorker-3
2023-12-04 08:25:45,170 - INFO - File_name = jobs16-2.py,	 s'est exécuté correctement ! 
2023-12-04 08:25:45,170 - INFO - File_name = jobs22-3.py,	 Debut : 1701674745.1701155,	 Fin : 1701674745.17033,	 Temps d'execution : 0.00021457672119140625 	 Process: ForkPoolWorker-8
2023-12-04 08:25:45,170 - INFO - File_name = jobs22-3.py,	 s'est exécuté correctement ! 
2023-12-04 08:25:45,170 - INFO - File_name = jobs21-6.py,	 Debut : 1701674745.1639943,	 Fin : 1701674745.1702886,	 Temps d'execution : 0.00629425048828125 	 Process: ForkPoolWorker-2
2023-12-04 08:25:45,170 - INFO - File_name = jobs21-6.py,	 s'est exécuté correctement ! 
2023-12-04 08:25:45,172 - INFO - File_name = jobs22-2.py,	 Debut : 1701674745.1728265,	 Fin : 1701674745.1728535,	 Temps d'execution : 2.6941299438476562e-05 	 Process: ForkPoolWorker-3
2023-12-04 08:25:45,172 - INFO - File_name = jobs22-2.py,	 s'est exécuté correctement ! 
2023-12-04 08:25:45,175 - INFO - File_name = jobs19-7.py,	 Debut : 1701674745.168842,	 Fin : 1701674745.175192,	 Temps d'execution : 0.006350040435791016 	 Process: ForkPoolWorker-7
2023-12-04 08:25:45,175 - INFO - File_name = jobs19-7.py,	 s'est exécuté correctement ! 
2023-12-04 08:25:45,175 - INFO - File_name = jobs14-2.py,	 Debut : 1701674745.1756291,	 Fin : 1701674745.1756403,	 Temps d'execution : 1.1205673217773438e-05 	 Process: ForkPoolWorker-1
2023-12-04 08:25:45,175 - INFO - File_name = jobs14-2.py,	 s'est exécuté correctement ! 
2023-12-04 08:25:45,187 - INFO - File_name = jobs12-6.py,	 Debut : 1701674745.1869543,	 Fin : 1701674745.187066,	 Temps d'execution : 0.00011181831359863281 	 Process: ForkPoolWorker-2
2023-12-04 08:25:45,187 - INFO - File_name = jobs12-6.py,	 s'est exécuté correctement ! 
2023-12-04 08:25:45,187 - INFO - File_name = jobs16-8.py,	 Debut : 1701674745.1862588,	 Fin : 1701674745.1877937,	 Temps d'execution : 0.0015349388122558594 	 Process: ForkPoolWorker-7
2023-12-04 08:25:45,187 - INFO - File_name = jobs16-8.py,	 s'est exécuté correctement ! 
2023-12-04 08:25:45,188 - INFO - File_name = jobs24-4.py,	 Debut : 1701674745.1871943,	 Fin : 1701674745.1885872,	 Temps d'execution : 0.0013928413391113281 	 Process: ForkPoolWorker-1
2023-12-04 08:25:45,188 - INFO - File_name = jobs24-4.py,	 s'est exécuté correctement ! 
2023-12-04 08:25:45,188 - INFO - File_name = jobs26-5.py,	 Debut : 1701674745.1789043,	 Fin : 1701674745.1889434,	 Temps d'execution : 0.010039091110229492 	 Process: ForkPoolWorker-3
2023-12-04 08:25:45,189 - INFO - File_name = jobs26-5.py,	 s'est exécuté correctement ! 
2023-12-04 08:25:45,195 - INFO - File_name = jobs14-6.py,	 Debut : 1701674745.1948962,	 Fin : 1701674745.195256,	 Temps d'execution : 0.0003597736358642578 	 Process: ForkPoolWorker-3
2023-12-04 08:25:45,195 - INFO - File_name = jobs14-6.py,	 s'est exécuté correctement ! 
2023-12-04 08:25:45,197 - INFO - File_name = jobs15-4.py,	 Debut : 1701674745.1968904,	 Fin : 1701674745.1970663,	 Temps d'execution : 0.00017595291137695312 	 Process: ForkPoolWorker-1
2023-12-04 08:25:45,197 - INFO - File_name = jobs15-4.py,	 s'est exécuté correctement ! 
2023-12-04 08:25:45,207 - INFO - File_name = jobs27-6.py,	 Debut : 1701674745.167025,	 Fin : 1701674745.2076259,	 Temps d'execution : 0.04060077667236328 	 Process: ForkPoolWorker-11
2023-12-04 08:25:45,207 - INFO - File_name = jobs27-6.py,	 s'est exécuté correctement ! 
2023-12-04 08:25:45,221 - INFO - File_name = jobs25-4.py,	 Debut : 1701674745.220099,	 Fin : 1701674745.2215238,	 Temps d'execution : 0.0014247894287109375 	 Process: ForkPoolWorker-11
2023-12-04 08:25:45,221 - INFO - File_name = jobs25-4.py,	 s'est exécuté correctement ! 
2023-12-04 08:25:45,230 - INFO - File_name = jobs20-9.py,	 Debut : 1701674745.1641076,	 Fin : 1701674745.230672,	 Temps d'execution : 0.06656432151794434 	 Process: ForkPoolWorker-10
2023-12-04 08:25:45,230 - INFO - File_name = jobs20-9.py,	 s'est exécuté correctement ! 
2023-12-04 08:25:45,238 - INFO - File_name = jobs10-4.py,	 Debut : 1701674745.2381182,	 Fin : 1701674745.2381442,	 Temps d'execution : 2.5987625122070312e-05 	 Process: ForkPoolWorker-10
2023-12-04 08:25:45,238 - INFO - File_name = jobs10-4.py,	 s'est exécuté correctement ! 
2023-12-04 08:25:45,251 - INFO - File_name = jobs22-11.py,	 Debut : 1701674745.1640244,	 Fin : 1701674745.251137,	 Temps d'execution : 0.0871126651763916 	 Process: ForkPoolWorker-6
2023-12-04 08:25:45,251 - INFO - File_name = jobs22-11.py,	 s'est exécuté correctement ! 
2023-12-04 08:25:45,257 - INFO - File_name = jobs12-5.py,	 Debut : 1701674745.257539,	 Fin : 1701674745.2576337,	 Temps d'execution : 9.465217590332031e-05 	 Process: ForkPoolWorker-6
2023-12-04 08:25:45,257 - INFO - File_name = jobs12-5.py,	 s'est exécuté correctement ! 
2023-12-04 08:25:45,261 - INFO - File_name = jobs17-6.py,	 Debut : 1701674745.2604709,	 Fin : 1701674745.261912,	 Temps d'execution : 0.0014412403106689453 	 Process: ForkPoolWorker-6
2023-12-04 08:25:45,261 - INFO - File_name = jobs23-7.py,	 Debut : 1701674745.1730773,	 Fin : 1701674745.2619636,	 Temps d'execution : 0.08888626098632812 	 Process: ForkPoolWorker-8
2023-12-04 08:25:45,262 - INFO - File_name = jobs17-6.py,	 s'est exécuté correctement ! 
2023-12-04 08:25:45,268 - INFO - File_name = jobs23-7.py,	 s'est exécuté correctement ! 
2023-12-04 08:25:45,272 - INFO - File_name = jobs15-7.py,	 Debut : 1701674745.2716317,	 Fin : 1701674745.2724001,	 Temps d'execution : 0.0007684230804443359 	 Process: ForkPoolWorker-6
2023-12-04 08:25:45,272 - INFO - File_name = jobs15-7.py,	 s'est exécuté correctement ! 
2023-12-04 08:25:45,274 - INFO - File_name = jobs20-3.py,	 Debut : 1701674745.2747908,	 Fin : 1701674745.2749243,	 Temps d'execution : 0.000133514404296875 	 Process: ForkPoolWorker-6
2023-12-04 08:25:45,274 - INFO - File_name = jobs20-3.py,	 s'est exécuté correctement ! 
2023-12-04 08:25:45,277 - INFO - File_name = jobs26-2.py,	 Debut : 1701674745.2772436,	 Fin : 1701674745.2772803,	 Temps d'execution : 3.6716461181640625e-05 	 Process: ForkPoolWorker-6
2023-12-04 08:25:45,277 - INFO - File_name = jobs26-2.py,	 s'est exécuté correctement ! 
2023-12-04 08:25:45,289 - INFO - File_name = jobs22-8.py,	 Debut : 1701674745.2239711,	 Fin : 1701674745.2899733,	 Temps d'execution : 0.06600213050842285 	 Process: ForkPoolWorker-11
2023-12-04 08:25:45,299 - INFO - File_name = jobs22-8.py,	 s'est exécuté correctement ! 
2023-12-04 08:25:45,299 - INFO - File_name = jobs23-8.py,	 Debut : 1701674745.1905916,	 Fin : 1701674745.299242,	 Temps d'execution : 0.10865044593811035 	 Process: ForkPoolWorker-7
2023-12-04 08:25:45,307 - INFO - File_name = jobs23-8.py,	 s'est exécuté correctement ! 
2023-12-04 08:25:45,313 - INFO - File_name = jobs17-8.py,	 Debut : 1701674745.3103626,	 Fin : 1701674745.3132522,	 Temps d'execution : 0.0028896331787109375 	 Process: ForkPoolWorker-7
2023-12-04 08:25:45,313 - INFO - File_name = jobs17-8.py,	 s'est exécuté correctement ! 
2023-12-04 08:25:45,357 - INFO - File_name = jobs21-9.py,	 Debut : 1701674745.3024082,	 Fin : 1701674745.3575819,	 Temps d'execution : 0.055173635482788086 	 Process: ForkPoolWorker-11
2023-12-04 08:25:45,368 - INFO - File_name = jobs21-9.py,	 s'est exécuté correctement ! 
2023-12-04 08:25:45,374 - INFO - File_name = jobs22-9.py,	 Debut : 1701674745.1984723,	 Fin : 1701674745.374713,	 Temps d'execution : 0.1762406826019287 	 Process: ForkPoolWorker-3
2023-12-04 08:25:45,374 - INFO - File_name = jobs22-9.py,	 s'est exécuté correctement ! 
2023-12-04 08:25:45,394 - INFO - File_name = jobs13-4.py,	 Debut : 1701674745.3942692,	 Fin : 1701674745.394353,	 Temps d'execution : 8.368492126464844e-05 	 Process: ForkPoolWorker-3
2023-12-04 08:25:45,394 - INFO - File_name = jobs13-4.py,	 s'est exécuté correctement ! 
2023-12-04 08:25:45,436 - INFO - File_name = jobs25-7.py,	 Debut : 1701674745.271904,	 Fin : 1701674745.4360952,	 Temps d'execution : 0.16419124603271484 	 Process: ForkPoolWorker-8
2023-12-04 08:25:45,436 - INFO - File_name = jobs25-7.py,	 s'est exécuté correctement ! 
2023-12-04 08:25:45,445 - INFO - File_name = jobs14-3.py,	 Debut : 1701674745.4455452,	 Fin : 1701674745.4455867,	 Temps d'execution : 4.1484832763671875e-05 	 Process: ForkPoolWorker-8
2023-12-04 08:25:45,445 - INFO - File_name = jobs14-3.py,	 s'est exécuté correctement ! 
2023-12-04 08:25:45,448 - INFO - File_name = jobs18-4.py,	 Debut : 1701674745.448166,	 Fin : 1701674745.44851,	 Temps d'execution : 0.0003440380096435547 	 Process: ForkPoolWorker-8
2023-12-04 08:25:45,448 - INFO - File_name = jobs18-4.py,	 s'est exécuté correctement ! 
2023-12-04 08:25:45,551 - INFO - File_name = jobs22-10.py,	 Debut : 1701674745.371736,	 Fin : 1701674745.5510283,	 Temps d'execution : 0.1792922019958496 	 Process: ForkPoolWorker-11
2023-12-04 08:25:45,551 - INFO - File_name = jobs22-10.py,	 s'est exécuté correctement ! 
2023-12-04 08:25:45,607 - INFO - File_name = jobs26-8.py,	 Debut : 1701674745.2407126,	 Fin : 1701674745.6073503,	 Temps d'execution : 0.3666377067565918 	 Process: ForkPoolWorker-10
2023-12-04 08:25:45,607 - INFO - File_name = jobs26-8.py,	 s'est exécuté correctement ! 
2023-12-04 08:25:45,611 - INFO - File_name = jobs19-5.py,	 Debut : 1701674745.6103184,	 Fin : 1701674745.6116397,	 Temps d'execution : 0.0013213157653808594 	 Process: ForkPoolWorker-10
2023-12-04 08:25:45,611 - INFO - File_name = jobs19-5.py,	 s'est exécuté correctement ! 
2023-12-04 08:25:45,616 - INFO - File_name = jobs26-4.py,	 Debut : 1701674745.6146789,	 Fin : 1701674745.6163542,	 Temps d'execution : 0.0016753673553466797 	 Process: ForkPoolWorker-10
2023-12-04 08:25:45,616 - INFO - File_name = jobs26-4.py,	 s'est exécuté correctement ! 
2023-12-04 08:25:45,619 - INFO - File_name = jobs16-5.py,	 Debut : 1701674745.6193233,	 Fin : 1701674745.6198275,	 Temps d'execution : 0.0005042552947998047 	 Process: ForkPoolWorker-10
2023-12-04 08:25:45,619 - INFO - File_name = jobs16-5.py,	 s'est exécuté correctement ! 
2023-12-04 08:25:45,738 - INFO - File_name = jobs27-8.py,	 Debut : 1701674745.166871,	 Fin : 1701674745.7381575,	 Temps d'execution : 0.5712864398956299 	 Process: ForkPoolWorker-12
2023-12-04 08:25:45,738 - INFO - File_name = jobs27-8.py,	 s'est exécuté correctement ! 
2023-12-04 08:25:45,754 - INFO - File_name = jobs24-11.py,	 Debut : 1701674745.1650834,	 Fin : 1701674745.7543077,	 Temps d'execution : 0.5892243385314941 	 Process: ForkPoolWorker-5
2023-12-04 08:25:45,756 - INFO - File_name = jobs19-2.py,	 Debut : 1701674745.7559993,	 Fin : 1701674745.7560186,	 Temps d'execution : 1.9311904907226562e-05 	 Process: ForkPoolWorker-12
2023-12-04 08:25:45,760 - INFO - File_name = jobs19-2.py,	 s'est exécuté correctement ! 
2023-12-04 08:25:45,760 - INFO - File_name = jobs24-11.py,	 s'est exécuté correctement ! 
2023-12-04 08:25:45,763 - INFO - File_name = jobs18-2.py,	 Debut : 1701674745.7636704,	 Fin : 1701674745.7636886,	 Temps d'execution : 1.811981201171875e-05 	 Process: ForkPoolWorker-5
2023-12-04 08:25:45,763 - INFO - File_name = jobs18-2.py,	 s'est exécuté correctement ! 
2023-12-04 08:25:45,766 - INFO - File_name = jobs18-3.py,	 Debut : 1701674745.7661815,	 Fin : 1701674745.7662728,	 Temps d'execution : 9.131431579589844e-05 	 Process: ForkPoolWorker-5
2023-12-04 08:25:45,766 - INFO - File_name = jobs18-3.py,	 s'est exécuté correctement ! 
2023-12-04 08:25:45,769 - INFO - File_name = jobs22-4.py,	 Debut : 1701674745.7688353,	 Fin : 1701674745.7696757,	 Temps d'execution : 0.0008404254913330078 	 Process: ForkPoolWorker-5
2023-12-04 08:25:45,769 - INFO - File_name = jobs22-4.py,	 s'est exécuté correctement ! 
2023-12-04 08:25:45,777 - INFO - File_name = jobs24-2.py,	 Debut : 1701674745.777289,	 Fin : 1701674745.7773201,	 Temps d'execution : 3.123283386230469e-05 	 Process: ForkPoolWorker-5
2023-12-04 08:25:45,777 - INFO - File_name = jobs24-2.py,	 s'est exécuté correctement ! 
2023-12-04 08:25:45,780 - INFO - File_name = jobs20-2.py,	 Debut : 1701674745.7801938,	 Fin : 1701674745.780216,	 Temps d'execution : 2.2172927856445312e-05 	 Process: ForkPoolWorker-5
2023-12-04 08:25:45,780 - INFO - File_name = jobs20-2.py,	 s'est exécuté correctement ! 
2023-12-04 08:25:45,786 - INFO - File_name = jobs19-6.py,	 Debut : 1701674745.7828588,	 Fin : 1701674745.7859952,	 Temps d'execution : 0.0031363964080810547 	 Process: ForkPoolWorker-5
2023-12-04 08:25:45,786 - INFO - File_name = jobs19-6.py,	 s'est exécuté correctement ! 
2023-12-04 08:25:45,794 - INFO - File_name = jobs22-7.py,	 Debut : 1701674745.7635536,	 Fin : 1701674745.7945864,	 Temps d'execution : 0.031032800674438477 	 Process: ForkPoolWorker-12
2023-12-04 08:25:45,803 - INFO - File_name = jobs22-7.py,	 s'est exécuté correctement ! 
2023-12-04 08:25:45,809 - INFO - File_name = jobs21-5.py,	 Debut : 1701674745.8068185,	 Fin : 1701674745.8091488,	 Temps d'execution : 0.002330303192138672 	 Process: ForkPoolWorker-12
2023-12-04 08:25:45,809 - INFO - File_name = jobs21-5.py,	 s'est exécuté correctement ! 
2023-12-04 08:25:45,816 - INFO - File_name = jobs17-2.py,	 Debut : 1701674745.8168566,	 Fin : 1701674745.8168721,	 Temps d'execution : 1.5497207641601562e-05 	 Process: ForkPoolWorker-12
2023-12-04 08:25:45,816 - INFO - File_name = jobs17-2.py,	 s'est exécuté correctement ! 
2023-12-04 08:25:45,819 - INFO - File_name = jobs16-4.py,	 Debut : 1701674745.8194067,	 Fin : 1701674745.819614,	 Temps d'execution : 0.0002071857452392578 	 Process: ForkPoolWorker-12
2023-12-04 08:25:45,819 - INFO - File_name = jobs16-4.py,	 s'est exécuté correctement ! 
2023-12-04 08:25:46,156 - INFO - File_name = jobs26-9.py,	 Debut : 1701674745.403752,	 Fin : 1701674746.1560414,	 Temps d'execution : 0.7522892951965332 	 Process: ForkPoolWorker-3
2023-12-04 08:25:46,165 - INFO - File_name = jobs26-9.py,	 s'est exécuté correctement ! 
2023-12-04 08:25:46,193 - INFO - File_name = jobs19-9.py,	 Debut : 1701674746.1729662,	 Fin : 1701674746.1939268,	 Temps d'execution : 0.020960569381713867 	 Process: ForkPoolWorker-3
2023-12-04 08:25:46,194 - INFO - File_name = jobs19-9.py,	 s'est exécuté correctement ! 
2023-12-04 08:25:46,384 - INFO - File_name = jobs23-9.py,	 Debut : 1701674746.1963558,	 Fin : 1701674746.384977,	 Temps d'execution : 0.18862128257751465 	 Process: ForkPoolWorker-3
2023-12-04 08:25:46,388 - INFO - File_name = jobs23-9.py,	 s'est exécuté correctement ! 
2023-12-04 08:25:46,402 - INFO - File_name = jobs23-5.py,	 Debut : 1701674746.3984127,	 Fin : 1701674746.4022858,	 Temps d'execution : 0.003873109817504883 	 Process: ForkPoolWorker-3
2023-12-04 08:25:46,402 - INFO - File_name = jobs23-5.py,	 s'est exécuté correctement ! 
2023-12-04 08:25:46,764 - INFO - File_name = jobs27-9.py,	 Debut : 1701674745.62326,	 Fin : 1701674746.764462,	 Temps d'execution : 1.1412019729614258 	 Process: ForkPoolWorker-10
2023-12-04 08:25:46,771 - INFO - File_name = jobs27-9.py,	 s'est exécuté correctement ! 
2023-12-04 08:25:46,774 - INFO - File_name = jobs14-5.py,	 Debut : 1701674746.7740529,	 Fin : 1701674746.7742875,	 Temps d'execution : 0.0002346038818359375 	 Process: ForkPoolWorker-10
2023-12-04 08:25:46,774 - INFO - File_name = jobs14-5.py,	 s'est exécuté correctement ! 
2023-12-04 08:25:47,077 - INFO - File_name = jobs26-10.py,	 Debut : 1701674745.7886043,	 Fin : 1701674747.0773997,	 Temps d'execution : 1.2887954711914062 	 Process: ForkPoolWorker-5
2023-12-04 08:25:47,086 - INFO - File_name = jobs26-10.py,	 s'est exécuté correctement ! 
2023-12-04 08:25:47,095 - INFO - File_name = jobs17-5.py,	 Debut : 1701674747.094926,	 Fin : 1701674747.0956361,	 Temps d'execution : 0.0007100105285644531 	 Process: ForkPoolWorker-5
2023-12-04 08:25:47,095 - INFO - File_name = jobs17-5.py,	 s'est exécuté correctement ! 
2023-12-04 08:25:47,122 - INFO - File_name = jobs29-5.py,	 Debut : 1701674747.0987744,	 Fin : 1701674747.1220024,	 Temps d'execution : 0.023227930068969727 	 Process: ForkPoolWorker-5
2023-12-04 08:25:47,122 - INFO - File_name = jobs29-5.py,	 s'est exécuté correctement ! 
2023-12-04 08:25:47,165 - INFO - File_name = jobs25-6.py,	 Debut : 1701674747.1250017,	 Fin : 1701674747.16543,	 Temps d'execution : 0.04042840003967285 	 Process: ForkPoolWorker-5
2023-12-04 08:25:47,165 - INFO - File_name = jobs25-6.py,	 s'est exécuté correctement ! 
2023-12-04 08:25:47,168 - INFO - File_name = jobs21-2.py,	 Debut : 1701674747.16827,	 Fin : 1701674747.168294,	 Temps d'execution : 2.384185791015625e-05 	 Process: ForkPoolWorker-5
2023-12-04 08:25:47,168 - INFO - File_name = jobs21-2.py,	 s'est exécuté correctement ! 
2023-12-04 08:25:47,176 - INFO - File_name = jobs11-4.py,	 Debut : 1701674747.1761482,	 Fin : 1701674747.1761885,	 Temps d'execution : 4.029273986816406e-05 	 Process: ForkPoolWorker-5
2023-12-04 08:25:47,176 - INFO - File_name = jobs11-4.py,	 s'est exécuté correctement ! 
2023-12-04 08:25:47,179 - INFO - File_name = jobs10-2.py,	 Debut : 1701674747.179379,	 Fin : 1701674747.179385,	 Temps d'execution : 5.9604644775390625e-06 	 Process: ForkPoolWorker-5
2023-12-04 08:25:47,179 - INFO - File_name = jobs10-2.py,	 s'est exécuté correctement ! 
2023-12-04 08:25:47,330 - INFO - File_name = jobs27-10.py,	 Debut : 1701674745.315835,	 Fin : 1701674747.3299894,	 Temps d'execution : 2.0141544342041016 	 Process: ForkPoolWorker-7
2023-12-04 08:25:47,339 - INFO - File_name = jobs27-10.py,	 s'est exécuté correctement ! 
2023-12-04 08:25:47,419 - INFO - File_name = jobs21-10.py,	 Debut : 1701674747.3430269,	 Fin : 1701674747.4195127,	 Temps d'execution : 0.07648587226867676 	 Process: ForkPoolWorker-7
2023-12-04 08:25:47,419 - INFO - File_name = jobs21-10.py,	 s'est exécuté correctement ! 
2023-12-04 08:25:47,431 - INFO - File_name = jobs11-5.py,	 Debut : 1701674747.4310985,	 Fin : 1701674747.431155,	 Temps d'execution : 5.650520324707031e-05 	 Process: ForkPoolWorker-7
2023-12-04 08:25:47,431 - INFO - File_name = jobs11-5.py,	 s'est exécuté correctement ! 
2023-12-04 08:25:47,433 - INFO - File_name = jobs13-2.py,	 Debut : 1701674747.4335723,	 Fin : 1701674747.4335818,	 Temps d'execution : 9.5367431640625e-06 	 Process: ForkPoolWorker-7
2023-12-04 08:25:47,433 - INFO - File_name = jobs13-2.py,	 s'est exécuté correctement ! 
2023-12-04 08:25:47,639 - INFO - File_name = jobs27-7.py,	 Debut : 1701674747.4408038,	 Fin : 1701674747.6397433,	 Temps d'execution : 0.19893956184387207 	 Process: ForkPoolWorker-7
2023-12-04 08:25:47,639 - INFO - File_name = jobs27-7.py,	 s'est exécuté correctement ! 
2023-12-04 08:25:47,897 - INFO - File_name = jobs28-8.py,	 Debut : 1701674747.188984,	 Fin : 1701674747.8979073,	 Temps d'execution : 0.70892333984375 	 Process: ForkPoolWorker-5
2023-12-04 08:25:47,898 - INFO - File_name = jobs28-8.py,	 s'est exécuté correctement ! 
2023-12-04 08:25:47,916 - INFO - File_name = jobs23-10.py,	 Debut : 1701674747.642078,	 Fin : 1701674747.9162414,	 Temps d'execution : 0.27416348457336426 	 Process: ForkPoolWorker-7
2023-12-04 08:25:47,916 - INFO - File_name = jobs23-10.py,	 s'est exécuté correctement ! 
2023-12-04 08:25:47,923 - INFO - File_name = jobs16-6.py,	 Debut : 1701674747.9222898,	 Fin : 1701674747.9232347,	 Temps d'execution : 0.0009448528289794922 	 Process: ForkPoolWorker-7
2023-12-04 08:25:47,923 - INFO - File_name = jobs16-6.py,	 s'est exécuté correctement ! 
2023-12-04 08:25:47,934 - INFO - File_name = jobs20-7.py,	 Debut : 1701674747.925459,	 Fin : 1701674747.9346206,	 Temps d'execution : 0.009161710739135742 	 Process: ForkPoolWorker-7
2023-12-04 08:25:47,944 - INFO - File_name = jobs20-7.py,	 s'est exécuté correctement ! 
2023-12-04 08:25:48,004 - INFO - File_name = jobs28-9.py,	 Debut : 1701674746.4049377,	 Fin : 1701674748.004797,	 Temps d'execution : 1.5998592376708984 	 Process: ForkPoolWorker-3
2023-12-04 08:25:48,013 - INFO - File_name = jobs28-9.py,	 s'est exécuté correctement ! 
2023-12-04 08:25:48,026 - INFO - File_name = jobs25-5.py,	 Debut : 1701674748.0200298,	 Fin : 1701674748.0260983,	 Temps d'execution : 0.00606846809387207 	 Process: ForkPoolWorker-3
2023-12-04 08:25:48,026 - INFO - File_name = jobs25-5.py,	 s'est exécuté correctement ! 
2023-12-04 08:25:48,051 - INFO - File_name = jobs26-7.py,	 Debut : 1701674747.9003165,	 Fin : 1701674748.0514822,	 Temps d'execution : 0.15116572380065918 	 Process: ForkPoolWorker-5
2023-12-04 08:25:48,060 - INFO - File_name = jobs26-7.py,	 s'est exécuté correctement ! 
2023-12-04 08:25:48,068 - INFO - File_name = jobs13-5.py,	 Debut : 1701674748.068129,	 Fin : 1701674748.0682821,	 Temps d'execution : 0.00015306472778320312 	 Process: ForkPoolWorker-5
2023-12-04 08:25:48,068 - INFO - File_name = jobs13-5.py,	 s'est exécuté correctement ! 
2023-12-04 08:25:48,070 - INFO - File_name = jobs15-2.py,	 Debut : 1701674748.070858,	 Fin : 1701674748.0708702,	 Temps d'execution : 1.2159347534179688e-05 	 Process: ForkPoolWorker-5
2023-12-04 08:25:48,070 - INFO - File_name = jobs15-2.py,	 s'est exécuté correctement ! 
2023-12-04 08:25:48,073 - INFO - File_name = jobs11-3.py,	 Debut : 1701674748.0731826,	 Fin : 1701674748.0732024,	 Temps d'execution : 1.9788742065429688e-05 	 Process: ForkPoolWorker-5
2023-12-04 08:25:48,073 - INFO - File_name = jobs11-3.py,	 s'est exécuté correctement ! 
2023-12-04 08:25:48,133 - INFO - File_name = jobs26-12.py,	 Debut : 1701674745.8219109,	 Fin : 1701674748.1335595,	 Temps d'execution : 2.3116486072540283 	 Process: ForkPoolWorker-12
2023-12-04 08:25:48,139 - INFO - File_name = jobs26-12.py,	 s'est exécuté correctement ! 
2023-12-04 08:25:48,397 - INFO - File_name = jobs24-9.py,	 Debut : 1701674748.0283039,	 Fin : 1701674748.39754,	 Temps d'execution : 0.3692362308502197 	 Process: ForkPoolWorker-3
2023-12-04 08:25:48,397 - INFO - File_name = jobs24-9.py,	 s'est exécuté correctement ! 
2023-12-04 08:25:48,420 - INFO - File_name = jobs18-9.py,	 Debut : 1701674748.41451,	 Fin : 1701674748.4202957,	 Temps d'execution : 0.005785703659057617 	 Process: ForkPoolWorker-3
2023-12-04 08:25:48,420 - INFO - File_name = jobs18-9.py,	 s'est exécuté correctement ! 
2023-12-04 08:25:48,641 - INFO - File_name = jobs29-7.py,	 Debut : 1701674748.143112,	 Fin : 1701674748.6413443,	 Temps d'execution : 0.498232364654541 	 Process: ForkPoolWorker-12
2023-12-04 08:25:48,641 - INFO - File_name = jobs29-7.py,	 s'est exécuté correctement ! 
2023-12-04 08:25:48,654 - INFO - File_name = jobs29-3.py,	 Debut : 1701674748.6541607,	 Fin : 1701674748.6545618,	 Temps d'execution : 0.0004010200500488281 	 Process: ForkPoolWorker-12
2023-12-04 08:25:48,654 - INFO - File_name = jobs29-3.py,	 s'est exécuté correctement ! 
2023-12-04 08:25:48,656 - INFO - File_name = jobs19-3.py,	 Debut : 1701674748.6567545,	 Fin : 1701674748.656862,	 Temps d'execution : 0.00010752677917480469 	 Process: ForkPoolWorker-12
2023-12-04 08:25:48,656 - INFO - File_name = jobs19-3.py,	 s'est exécuté correctement ! 
2023-12-04 08:25:48,658 - INFO - File_name = jobs16-3.py,	 Debut : 1701674748.6588783,	 Fin : 1701674748.6589482,	 Temps d'execution : 6.985664367675781e-05 	 Process: ForkPoolWorker-12
2023-12-04 08:25:48,659 - INFO - File_name = jobs16-3.py,	 s'est exécuté correctement ! 
2023-12-04 08:25:48,661 - INFO - File_name = jobs12-4.py,	 Debut : 1701674748.661196,	 Fin : 1701674748.6612546,	 Temps d'execution : 5.8650970458984375e-05 	 Process: ForkPoolWorker-12
2023-12-04 08:25:48,661 - INFO - File_name = jobs12-4.py,	 s'est exécuté correctement ! 
2023-12-04 08:25:48,879 - INFO - File_name = jobs23-11.py,	 Debut : 1701674748.435848,	 Fin : 1701674748.8798378,	 Temps d'execution : 0.44398975372314453 	 Process: ForkPoolWorker-3
2023-12-04 08:25:48,879 - INFO - File_name = jobs23-11.py,	 s'est exécuté correctement ! 
2023-12-04 08:25:48,885 - INFO - File_name = jobs25-3.py,	 Debut : 1701674748.885606,	 Fin : 1701674748.8858614,	 Temps d'execution : 0.00025534629821777344 	 Process: ForkPoolWorker-3
2023-12-04 08:25:48,885 - INFO - File_name = jobs25-3.py,	 s'est exécuté correctement ! 
2023-12-04 08:25:48,888 - INFO - File_name = jobs19-4.py,	 Debut : 1701674748.8882947,	 Fin : 1701674748.8887286,	 Temps d'execution : 0.00043392181396484375 	 Process: ForkPoolWorker-3
2023-12-04 08:25:48,888 - INFO - File_name = jobs19-4.py,	 s'est exécuté correctement ! 
2023-12-04 08:25:48,946 - INFO - File_name = jobs25-11.py,	 Debut : 1701674747.9529984,	 Fin : 1701674748.9468923,	 Temps d'execution : 0.9938938617706299 	 Process: ForkPoolWorker-7
2023-12-04 08:25:48,956 - INFO - File_name = jobs25-11.py,	 s'est exécuté correctement ! 
2023-12-04 08:25:48,983 - INFO - File_name = jobs21-7.py,	 Debut : 1701674748.9595373,	 Fin : 1701674748.9831803,	 Temps d'execution : 0.023643016815185547 	 Process: ForkPoolWorker-7
2023-12-04 08:25:48,983 - INFO - File_name = jobs21-7.py,	 s'est exécuté correctement ! 
2023-12-04 08:25:49,491 - INFO - File_name = jobs25-10.py,	 Debut : 1701674748.6633027,	 Fin : 1701674749.4912722,	 Temps d'execution : 0.8279695510864258 	 Process: ForkPoolWorker-12
2023-12-04 08:25:49,491 - INFO - File_name = jobs25-10.py,	 s'est exécuté correctement ! 
2023-12-04 08:25:49,530 - INFO - File_name = jobs27-12.py,	 Debut : 1701674745.4511216,	 Fin : 1701674749.5307758,	 Temps d'execution : 4.079654216766357 	 Process: ForkPoolWorker-8
2023-12-04 08:25:49,537 - INFO - File_name = jobs27-12.py,	 s'est exécuté correctement ! 
2023-12-04 08:25:49,548 - INFO - File_name = jobs24-5.py,	 Debut : 1701674749.5399458,	 Fin : 1701674749.5484512,	 Temps d'execution : 0.00850534439086914 	 Process: ForkPoolWorker-8
2023-12-04 08:25:49,548 - INFO - File_name = jobs24-5.py,	 s'est exécuté correctement ! 
2023-12-04 08:25:49,550 - INFO - File_name = jobs20-10.py,	 Debut : 1701674749.5053637,	 Fin : 1701674749.5506234,	 Temps d'execution : 0.045259714126586914 	 Process: ForkPoolWorker-12
2023-12-04 08:25:49,555 - INFO - File_name = jobs20-6.py,	 Debut : 1701674749.5508246,	 Fin : 1701674749.555336,	 Temps d'execution : 0.004511356353759766 	 Process: ForkPoolWorker-8
2023-12-04 08:25:49,561 - INFO - File_name = jobs20-10.py,	 s'est exécuté correctement ! 
2023-12-04 08:25:49,561 - INFO - File_name = jobs20-6.py,	 s'est exécuté correctement ! 
2023-12-04 08:25:49,564 - INFO - File_name = jobs20-4.py,	 Debut : 1701674749.56376,	 Fin : 1701674749.564363,	 Temps d'execution : 0.0006029605865478516 	 Process: ForkPoolWorker-8
2023-12-04 08:25:49,564 - INFO - File_name = jobs20-4.py,	 s'est exécuté correctement ! 
2023-12-04 08:25:49,566 - INFO - File_name = jobs27-4.py,	 Debut : 1701674749.564701,	 Fin : 1701674749.56673,	 Temps d'execution : 0.002028942108154297 	 Process: ForkPoolWorker-12
2023-12-04 08:25:49,566 - INFO - File_name = jobs27-4.py,	 s'est exécuté correctement ! 
2023-12-04 08:25:49,569 - INFO - File_name = jobs12-2.py,	 Debut : 1701674749.5694778,	 Fin : 1701674749.5694864,	 Temps d'execution : 8.58306884765625e-06 	 Process: ForkPoolWorker-12
2023-12-04 08:25:49,569 - INFO - File_name = jobs12-2.py,	 s'est exécuté correctement ! 
2023-12-04 08:25:49,572 - INFO - File_name = jobs15-5.py,	 Debut : 1701674749.5717072,	 Fin : 1701674749.5720606,	 Temps d'execution : 0.0003533363342285156 	 Process: ForkPoolWorker-12
2023-12-04 08:25:49,572 - INFO - File_name = jobs15-5.py,	 s'est exécuté correctement ! 
2023-12-04 08:25:49,572 - INFO - File_name = jobs18-8.py,	 Debut : 1701674749.5666306,	 Fin : 1701674749.572132,	 Temps d'execution : 0.005501508712768555 	 Process: ForkPoolWorker-8
2023-12-04 08:25:49,576 - INFO - File_name = jobs18-8.py,	 s'est exécuté correctement ! 
2023-12-04 08:25:49,580 - INFO - File_name = jobs18-7.py,	 Debut : 1701674749.576403,	 Fin : 1701674749.580287,	 Temps d'execution : 0.0038840770721435547 	 Process: ForkPoolWorker-12
2023-12-04 08:25:49,580 - INFO - File_name = jobs18-7.py,	 s'est exécuté correctement ! 
2023-12-04 08:25:49,594 - INFO - File_name = jobs28-5.py,	 Debut : 1701674749.5826344,	 Fin : 1701674749.5946279,	 Temps d'execution : 0.011993408203125 	 Process: ForkPoolWorker-8
2023-12-04 08:25:49,603 - INFO - File_name = jobs28-5.py,	 s'est exécuté correctement ! 
2023-12-04 08:25:50,075 - INFO - File_name = jobs24-10.py,	 Debut : 1701674749.591503,	 Fin : 1701674750.0751321,	 Temps d'execution : 0.4836292266845703 	 Process: ForkPoolWorker-12
2023-12-04 08:25:50,077 - INFO - File_name = jobs24-10.py,	 s'est exécuté correctement ! 
2023-12-04 08:25:50,081 - INFO - File_name = jobs21-4.py,	 Debut : 1701674750.0803618,	 Fin : 1701674750.0811746,	 Temps d'execution : 0.0008127689361572266 	 Process: ForkPoolWorker-12
2023-12-04 08:25:50,081 - INFO - File_name = jobs21-4.py,	 s'est exécuté correctement ! 
2023-12-04 08:25:50,089 - INFO - File_name = jobs18-5.py,	 Debut : 1701674750.0881274,	 Fin : 1701674750.089219,	 Temps d'execution : 0.0010917186737060547 	 Process: ForkPoolWorker-12
2023-12-04 08:25:50,089 - INFO - File_name = jobs18-5.py,	 s'est exécuté correctement ! 
2023-12-04 08:25:50,092 - INFO - File_name = jobs29-8.py,	 Debut : 1701674748.8907642,	 Fin : 1701674750.0925405,	 Temps d'execution : 1.2017762660980225 	 Process: ForkPoolWorker-3
2023-12-04 08:25:50,092 - INFO - File_name = jobs29-8.py,	 s'est exécuté correctement ! 
2023-12-04 08:25:50,105 - WARNING - File_name = jobs13-3.py,	 ne s'est pas exécuté correctement 	 Process: ForkPoolWorker-3
2023-12-04 08:25:50,108 - INFO - File_name = jobs28-3.py,	 Debut : 1701674750.1084006,	 Fin : 1701674750.1087635,	 Temps d'execution : 0.0003628730773925781 	 Process: ForkPoolWorker-3
2023-12-04 08:25:50,108 - INFO - File_name = jobs28-3.py,	 s'est exécuté correctement ! 
2023-12-04 08:25:50,131 - INFO - File_name = jobs24-6.py,	 Debut : 1701674750.1110125,	 Fin : 1701674750.131115,	 Temps d'execution : 0.020102500915527344 	 Process: ForkPoolWorker-3
2023-12-04 08:25:50,133 - INFO - File_name = jobs24-6.py,	 s'est exécuté correctement ! 
2023-12-04 08:25:50,140 - INFO - File_name = jobs29-10.py,	 Debut : 1701674745.1903608,	 Fin : 1701674750.1408849,	 Temps d'execution : 4.950524091720581 	 Process: ForkPoolWorker-2
2023-12-04 08:25:50,141 - INFO - File_name = jobs29-10.py,	 s'est exécuté correctement ! 
2023-12-04 08:25:50,144 - INFO - File_name = jobs27-13.py,	 Debut : 1701674745.1774673,	 Fin : 1701674750.1447008,	 Temps d'execution : 4.967233419418335 	 Process: ForkPoolWorker-9
2023-12-04 08:25:50,144 - INFO - File_name = jobs27-13.py,	 s'est exécuté correctement ! 
2023-12-04 08:25:50,149 - INFO - File_name = jobs29-2.py,	 Debut : 1701674750.1490796,	 Fin : 1701674750.1491294,	 Temps d'execution : 4.982948303222656e-05 	 Process: ForkPoolWorker-2
2023-12-04 08:25:50,149 - INFO - File_name = jobs29-2.py,	 s'est exécuté correctement ! 
2023-12-04 08:25:50,154 - INFO - File_name = jobs16-7.py,	 Debut : 1701674750.1529024,	 Fin : 1701674750.1542635,	 Temps d'execution : 0.0013611316680908203 	 Process: ForkPoolWorker-9
2023-12-04 08:25:50,154 - INFO - File_name = jobs16-7.py,	 s'est exécuté correctement ! 
2023-12-04 08:25:50,156 - INFO - File_name = jobs13-6.py,	 Debut : 1701674750.1563141,	 Fin : 1701674750.1565197,	 Temps d'execution : 0.00020551681518554688 	 Process: ForkPoolWorker-9
2023-12-04 08:25:50,156 - INFO - File_name = jobs13-6.py,	 s'est exécuté correctement ! 
2023-12-04 08:25:50,450 - INFO - File_name = jobs28-7.py,	 Debut : 1701674750.094056,	 Fin : 1701674750.4502892,	 Temps d'execution : 0.3562333583831787 	 Process: ForkPoolWorker-12
2023-12-04 08:25:50,459 - INFO - File_name = jobs28-7.py,	 s'est exécuté correctement ! 
2023-12-04 08:25:50,463 - INFO - File_name = jobs15-3.py,	 Debut : 1701674750.4634368,	 Fin : 1701674750.4634886,	 Temps d'execution : 5.173683166503906e-05 	 Process: ForkPoolWorker-12
2023-12-04 08:25:50,463 - INFO - File_name = jobs15-3.py,	 s'est exécuté correctement ! 
2023-12-04 08:25:50,474 - INFO - File_name = jobs22-6.py,	 Debut : 1701674750.4657118,	 Fin : 1701674750.4743807,	 Temps d'execution : 0.008668899536132812 	 Process: ForkPoolWorker-12
2023-12-04 08:25:50,474 - INFO - File_name = jobs22-6.py,	 s'est exécuté correctement ! 
2023-12-04 08:25:50,491 - INFO - File_name = jobs20-5.py,	 Debut : 1701674750.489619,	 Fin : 1701674750.4914045,	 Temps d'execution : 0.0017855167388916016 	 Process: ForkPoolWorker-12
2023-12-04 08:25:50,491 - INFO - File_name = jobs20-5.py,	 s'est exécuté correctement ! 
2023-12-04 08:25:50,627 - INFO - File_name = jobs25-9.py,	 Debut : 1701674750.1360958,	 Fin : 1701674750.6274219,	 Temps d'execution : 0.49132609367370605 	 Process: ForkPoolWorker-3
2023-12-04 08:25:50,627 - INFO - File_name = jobs25-9.py,	 s'est exécuté correctement ! 
2023-12-04 08:25:50,630 - INFO - File_name = jobs27-3.py,	 Debut : 1701674750.6304238,	 Fin : 1701674750.6307466,	 Temps d'execution : 0.0003228187561035156 	 Process: ForkPoolWorker-3
2023-12-04 08:25:50,630 - INFO - File_name = jobs27-3.py,	 s'est exécuté correctement ! 
2023-12-04 08:25:50,652 - INFO - File_name = jobs24-8.py,	 Debut : 1701674750.4936755,	 Fin : 1701674750.652636,	 Temps d'execution : 0.15896058082580566 	 Process: ForkPoolWorker-12
2023-12-04 08:25:50,661 - INFO - File_name = jobs24-8.py,	 s'est exécuté correctement ! 
2023-12-04 08:25:50,668 - INFO - File_name = jobs10-3.py,	 Debut : 1701674750.6682045,	 Fin : 1701674750.6682196,	 Temps d'execution : 1.5020370483398438e-05 	 Process: ForkPoolWorker-12
2023-12-04 08:25:50,668 - INFO - File_name = jobs10-3.py,	 s'est exécuté correctement ! 
2023-12-04 08:25:50,676 - INFO - File_name = jobs24-3.py,	 Debut : 1701674750.6762998,	 Fin : 1701674750.676525,	 Temps d'execution : 0.00022530555725097656 	 Process: ForkPoolWorker-12
2023-12-04 08:25:50,676 - INFO - File_name = jobs24-3.py,	 s'est exécuté correctement ! 
2023-12-04 08:25:50,681 - INFO - File_name = jobs12-3.py,	 Debut : 1701674750.6816761,	 Fin : 1701674750.6817021,	 Temps d'execution : 2.5987625122070312e-05 	 Process: ForkPoolWorker-12
2023-12-04 08:25:50,681 - INFO - File_name = jobs12-3.py,	 s'est exécuté correctement ! 
2023-12-04 08:25:50,693 - INFO - File_name = jobs27-5.py,	 Debut : 1701674750.683984,	 Fin : 1701674750.6930873,	 Temps d'execution : 0.00910329818725586 	 Process: ForkPoolWorker-12
2023-12-04 08:25:50,696 - INFO - File_name = jobs27-5.py,	 s'est exécuté correctement ! 
2023-12-04 08:25:50,700 - INFO - File_name = jobs23-4.py,	 Debut : 1701674750.699434,	 Fin : 1701674750.700439,	 Temps d'execution : 0.001004934310913086 	 Process: ForkPoolWorker-12
2023-12-04 08:25:50,700 - INFO - File_name = jobs23-4.py,	 s'est exécuté correctement ! 
2023-12-04 08:25:50,705 - INFO - File_name = jobs22-5.py,	 Debut : 1701674750.702812,	 Fin : 1701674750.7058377,	 Temps d'execution : 0.0030257701873779297 	 Process: ForkPoolWorker-12
2023-12-04 08:25:50,705 - INFO - File_name = jobs22-5.py,	 s'est exécuté correctement ! 
2023-12-04 08:25:50,753 - INFO - File_name = jobs26-6.py,	 Debut : 1701674750.7171469,	 Fin : 1701674750.753372,	 Temps d'execution : 0.036225080490112305 	 Process: ForkPoolWorker-12
2023-12-04 08:25:50,761 - INFO - File_name = jobs26-6.py,	 s'est exécuté correctement ! 
2023-12-04 08:25:50,910 - INFO - File_name = jobs25-8.py,	 Debut : 1701674750.6363566,	 Fin : 1701674750.9101188,	 Temps d'execution : 0.27376222610473633 	 Process: ForkPoolWorker-3
2023-12-04 08:25:50,912 - INFO - File_name = jobs25-8.py,	 s'est exécuté correctement ! 
2023-12-04 08:25:50,925 - INFO - File_name = jobs29-4.py,	 Debut : 1701674750.9152708,	 Fin : 1701674750.9255283,	 Temps d'execution : 0.010257482528686523 	 Process: ForkPoolWorker-3
2023-12-04 08:25:50,925 - INFO - File_name = jobs29-4.py,	 s'est exécuté correctement ! 
2023-12-04 08:25:50,943 - INFO - File_name = jobs19-8.py,	 Debut : 1701674750.9280703,	 Fin : 1701674750.9433653,	 Temps d'execution : 0.015295028686523438 	 Process: ForkPoolWorker-3
2023-12-04 08:25:50,949 - INFO - File_name = jobs19-8.py,	 s'est exécuté correctement ! 
2023-12-04 08:25:51,447 - INFO - File_name = jobs25-12.py,	 Debut : 1701674750.1586864,	 Fin : 1701674751.4478366,	 Temps d'execution : 1.2891502380371094 	 Process: ForkPoolWorker-9
2023-12-04 08:25:51,457 - INFO - File_name = jobs25-12.py,	 s'est exécuté correctement ! 
2023-12-04 08:25:51,460 - INFO - File_name = jobs28-2.py,	 Debut : 1701674751.4608486,	 Fin : 1701674751.460892,	 Temps d'execution : 4.3392181396484375e-05 	 Process: ForkPoolWorker-9
2023-12-04 08:25:51,460 - INFO - File_name = jobs28-2.py,	 s'est exécuté correctement ! 
2023-12-04 08:25:51,465 - INFO - File_name = jobs28-4.py,	 Debut : 1701674751.4629142,	 Fin : 1701674751.4651914,	 Temps d'execution : 0.0022771358489990234 	 Process: ForkPoolWorker-9
2023-12-04 08:25:51,465 - INFO - File_name = jobs28-4.py,	 s'est exécuté correctement ! 
2023-12-04 08:25:51,467 - INFO - File_name = jobs15-6.py,	 Debut : 1701674751.4672344,	 Fin : 1701674751.4678226,	 Temps d'execution : 0.0005881786346435547 	 Process: ForkPoolWorker-9
2023-12-04 08:25:51,467 - INFO - File_name = jobs15-6.py,	 s'est exécuté correctement ! 
2023-12-04 08:25:52,625 - INFO - File_name = jobs28-12.py,	 Debut : 1701674745.2796252,	 Fin : 1701674752.625478,	 Temps d'execution : 7.345852851867676 	 Process: ForkPoolWorker-6
2023-12-04 08:25:52,625 - INFO - File_name = jobs28-12.py,	 s'est exécuté correctement ! 
2023-12-04 08:25:52,672 - INFO - File_name = jobs21-8.py,	 Debut : 1701674752.628563,	 Fin : 1701674752.672733,	 Temps d'execution : 0.04417014122009277 	 Process: ForkPoolWorker-6
2023-12-04 08:25:52,672 - INFO - File_name = jobs21-8.py,	 s'est exécuté correctement ! 
2023-12-04 08:25:52,854 - INFO - File_name = jobs28-10.py,	 Debut : 1701674749.6115258,	 Fin : 1701674752.854795,	 Temps d'execution : 3.243269205093384 	 Process: ForkPoolWorker-8
2023-12-04 08:25:52,854 - INFO - File_name = jobs28-10.py,	 s'est exécuté correctement ! 
2023-12-04 08:25:52,865 - INFO - File_name = jobs23-3.py,	 Debut : 1701674752.8654406,	 Fin : 1701674752.8657043,	 Temps d'execution : 0.0002636909484863281 	 Process: ForkPoolWorker-8
2023-12-04 08:25:52,865 - INFO - File_name = jobs23-3.py,	 s'est exécuté correctement ! 
2023-12-04 08:25:52,868 - INFO - File_name = jobs17-4.py,	 Debut : 1701674752.867955,	 Fin : 1701674752.8682234,	 Temps d'execution : 0.0002684593200683594 	 Process: ForkPoolWorker-8
2023-12-04 08:25:52,868 - INFO - File_name = jobs17-4.py,	 s'est exécuté correctement ! 
2023-12-04 08:25:52,870 - INFO - File_name = jobs25-2.py,	 Debut : 1701674752.87041,	 Fin : 1701674752.8704443,	 Temps d'execution : 3.4332275390625e-05 	 Process: ForkPoolWorker-8
2023-12-04 08:25:52,870 - INFO - File_name = jobs25-2.py,	 s'est exécuté correctement ! 
2023-12-04 08:25:53,043 - INFO - File_name = jobs29-11.py,	 Debut : 1701674746.7772882,	 Fin : 1701674753.0438354,	 Temps d'execution : 6.266547203063965 	 Process: ForkPoolWorker-10
2023-12-04 08:25:53,043 - INFO - File_name = jobs29-11.py,	 s'est exécuté correctement ! 
2023-12-04 08:25:53,047 - INFO - File_name = jobs14-7.py,	 Debut : 1701674753.0467124,	 Fin : 1701674753.0471258,	 Temps d'execution : 0.0004134178161621094 	 Process: ForkPoolWorker-10
2023-12-04 08:25:53,047 - INFO - File_name = jobs14-7.py,	 s'est exécuté correctement ! 
2023-12-04 08:25:53,059 - INFO - File_name = jobs26-11.py,	 Debut : 1701674750.9524527,	 Fin : 1701674753.059479,	 Temps d'execution : 2.1070263385772705 	 Process: ForkPoolWorker-3
2023-12-04 08:25:53,059 - INFO - File_name = jobs26-11.py,	 s'est exécuté correctement ! 
2023-12-04 08:25:53,131 - INFO - File_name = jobs27-11.py,	 Debut : 1701674750.1514025,	 Fin : 1701674753.1317465,	 Temps d'execution : 2.98034405708313 	 Process: ForkPoolWorker-2
2023-12-04 08:25:53,131 - INFO - File_name = jobs27-11.py,	 s'est exécuté correctement ! 
2023-12-04 08:25:53,271 - INFO - File_name = jobs29-9.py,	 Debut : 1701674750.7666082,	 Fin : 1701674753.271731,	 Temps d'execution : 2.505122661590576 	 Process: ForkPoolWorker-12
2023-12-04 08:25:53,271 - INFO - File_name = jobs29-9.py,	 s'est exécuté correctement ! 
2023-12-04 08:25:53,664 - INFO - File_name = jobs28-11.py,	 Debut : 1701674748.9856408,	 Fin : 1701674753.6642601,	 Temps d'execution : 4.678619384765625 	 Process: ForkPoolWorker-7
2023-12-04 08:25:53,664 - INFO - File_name = jobs28-11.py,	 s'est exécuté correctement ! 
2023-12-04 08:25:53,670 - INFO - File_name = jobs24-12.py,	 Debut : 1701674753.1420975,	 Fin : 1701674753.670621,	 Temps d'execution : 0.5285234451293945 	 Process: ForkPoolWorker-2
2023-12-04 08:25:53,670 - INFO - File_name = jobs24-12.py,	 s'est exécuté correctement ! 
2023-12-04 08:25:53,780 - INFO - File_name = jobs28-6.py,	 Debut : 1701674753.6865344,	 Fin : 1701674753.78003,	 Temps d'execution : 0.09349560737609863 	 Process: ForkPoolWorker-2
2023-12-04 08:25:53,780 - INFO - File_name = jobs28-6.py,	 s'est exécuté correctement ! 
2023-12-04 08:25:53,804 - INFO - File_name = jobs23-6.py,	 Debut : 1701674753.7826781,	 Fin : 1701674753.804588,	 Temps d'execution : 0.02190995216369629 	 Process: ForkPoolWorker-2
2023-12-04 08:25:53,804 - INFO - File_name = jobs23-6.py,	 s'est exécuté correctement ! 
2023-12-04 08:25:54,094 - INFO - File_name = jobs29-12.py,	 Debut : 1701674745.163983,	 Fin : 1701674754.0943708,	 Temps d'execution : 8.930387735366821 	 Process: ForkPoolWorker-4
2023-12-04 08:25:54,094 - INFO - File_name = jobs29-12.py,	 s'est exécuté correctement ! 
2023-12-04 08:25:54,098 - INFO - File_name = jobs23-2.py,	 Debut : 1701674754.0981019,	 Fin : 1701674754.0981312,	 Temps d'execution : 2.9325485229492188e-05 	 Process: ForkPoolWorker-4
2023-12-04 08:25:54,098 - INFO - File_name = jobs23-2.py,	 s'est exécuté correctement ! 
2023-12-04 08:25:54,118 - INFO - File_name = jobs20-8.py,	 Debut : 1701674754.1005423,	 Fin : 1701674754.118605,	 Temps d'execution : 0.018062591552734375 	 Process: ForkPoolWorker-4
2023-12-04 08:25:54,118 - INFO - File_name = jobs20-8.py,	 s'est exécuté correctement ! 
2023-12-04 08:25:54,171 - INFO - File_name = jobs24-7.py,	 Debut : 1701674754.1215515,	 Fin : 1701674754.1710012,	 Temps d'execution : 0.04944968223571777 	 Process: ForkPoolWorker-4
2023-12-04 08:25:54,171 - INFO - File_name = jobs24-7.py,	 s'est exécuté correctement ! 
2023-12-04 08:25:54,394 - INFO - File_name = jobs26-13.py,	 Debut : 1701674753.0493047,	 Fin : 1701674754.3941112,	 Temps d'execution : 1.344806432723999 	 Process: ForkPoolWorker-10
2023-12-04 08:25:54,394 - INFO - File_name = jobs26-13.py,	 s'est exécuté correctement ! 
2023-12-04 08:25:54,397 - INFO - File_name = jobs14-4.py,	 Debut : 1701674754.3973548,	 Fin : 1701674754.3974714,	 Temps d'execution : 0.00011658668518066406 	 Process: ForkPoolWorker-10
2023-12-04 08:25:54,397 - INFO - File_name = jobs14-4.py,	 s'est exécuté correctement ! 
2023-12-04 08:25:55,407 - INFO - File_name = jobs28-13.py,	 Debut : 1701674748.075433,	 Fin : 1701674755.4076796,	 Temps d'execution : 7.332246541976929 	 Process: ForkPoolWorker-5
2023-12-04 08:25:55,407 - INFO - File_name = jobs28-13.py,	 s'est exécuté correctement ! 
2023-12-04 08:25:57,540 - INFO - File_name = jobs29-13.py,	 Debut : 1701674745.2008696,	 Fin : 1701674757.5401943,	 Temps d'execution : 12.339324712753296 	 Process: ForkPoolWorker-1
2023-12-04 08:25:57,540 - INFO - File_name = jobs29-13.py,	 s'est exécuté correctement ! 
2023-12-04 08:25:57,602 - INFO - File_name = jobs29-6.py,	 Debut : 1701674757.5495548,	 Fin : 1701674757.6029572,	 Temps d'execution : 0.05340242385864258 	 Process: ForkPoolWorker-1
2023-12-04 08:25:57,603 - INFO - File_name = jobs29-6.py,	 s'est exécuté correctement ! 
2023-12-04 08:25:57,607 - INFO - File_name = jobs17-7.py,	 Debut : 1701674757.605669,	 Fin : 1701674757.6079645,	 Temps d'execution : 0.0022954940795898438 	 Process: ForkPoolWorker-1
2023-12-04 08:25:57,608 - INFO - File_name = jobs17-7.py,	 s'est exécuté correctement ! 
2023-12-04 08:25:57,610 - INFO - File_name = jobs11-2.py,	 Debut : 1701674757.6103373,	 Fin : 1701674757.610345,	 Temps d'execution : 7.62939453125e-06 	 Process: ForkPoolWorker-1
2023-12-04 08:25:57,610 - INFO - File_name = jobs11-2.py,	 s'est exécuté correctement ! 
2023-12-04 08:25:58,462 - INFO - File_name = jobs28-14.py,	 Debut : 1701674753.6751301,	 Fin : 1701674758.4625266,	 Temps d'execution : 4.787396430969238 	 Process: ForkPoolWorker-7
2023-12-04 08:25:58,462 - INFO - File_name = jobs28-14.py,	 s'est exécuté correctement ! 
2023-12-04 08:25:58,810 - INFO - File_name = jobs29-14.py,	 Debut : 1701674745.5630705,	 Fin : 1701674758.8107257,	 Temps d'execution : 13.247655153274536 	 Process: ForkPoolWorker-11
2023-12-04 08:25:58,810 - INFO - File_name = jobs29-14.py,	 s'est exécuté correctement ! 
2023-12-04 08:25:58,821 - INFO - File_name = jobs21-3.py,	 Debut : 1701674758.8212242,	 Fin : 1701674758.821369,	 Temps d'execution : 0.00014472007751464844 	 Process: ForkPoolWorker-11
2023-12-04 08:25:58,821 - INFO - File_name = jobs21-3.py,	 s'est exécuté correctement ! 
2023-12-04 08:25:58,824 - INFO - File_name = jobs17-3.py,	 Debut : 1701674758.8246787,	 Fin : 1701674758.8247538,	 Temps d'execution : 7.510185241699219e-05 	 Process: ForkPoolWorker-11
2023-12-04 08:25:58,824 - INFO - File_name = jobs17-3.py,	 s'est exécuté correctement ! 
